{"C:\\Users\\ikaros\\OneDrive\\Documenti\\Bootcamp\\phase2\\weak3\\IP-RMT65-Ikaros01\\server\\app.js": {"path":"C:\\Users\\ikaros\\OneDrive\\Documenti\\Bootcamp\\phase2\\weak3\\IP-RMT65-Ikaros01\\server\\app.js","statementMap":{"0":{"start":{"line":1,"column":0},"end":{"line":1,"column":27}},"1":{"start":{"line":2,"column":15},"end":{"line":2,"column":35}},"2":{"start":{"line":3,"column":21},"end":{"line":3,"column":58}},"3":{"start":{"line":4,"column":16},"end":{"line":4,"column":34}},"4":{"start":{"line":5,"column":23},"end":{"line":5,"column":62}},"5":{"start":{"line":6,"column":23},"end":{"line":6,"column":62}},"6":{"start":{"line":7,"column":19},"end":{"line":7,"column":43}},"7":{"start":{"line":8,"column":13},"end":{"line":8,"column":28}},"8":{"start":{"line":9,"column":12},"end":{"line":9,"column":21}},"9":{"start":{"line":11,"column":0},"end":{"line":11,"column":15}},"10":{"start":{"line":12,"column":0},"end":{"line":12,"column":48}},"11":{"start":{"line":13,"column":0},"end":{"line":13,"column":24}},"12":{"start":{"line":15,"column":0},"end":{"line":15,"column":21}},"13":{"start":{"line":18,"column":0},"end":{"line":18,"column":40}},"14":{"start":{"line":19,"column":0},"end":{"line":19,"column":46}},"15":{"start":{"line":21,"column":0},"end":{"line":21,"column":40}},"16":{"start":{"line":22,"column":0},"end":{"line":22,"column":44}},"17":{"start":{"line":23,"column":0},"end":{"line":23,"column":23}},"18":{"start":{"line":26,"column":0},"end":{"line":26,"column":41}},"19":{"start":{"line":27,"column":0},"end":{"line":27,"column":40}},"20":{"start":{"line":28,"column":0},"end":{"line":28,"column":48}},"21":{"start":{"line":29,"column":0},"end":{"line":29,"column":47}},"22":{"start":{"line":30,"column":0},"end":{"line":30,"column":50}},"23":{"start":{"line":33,"column":0},"end":{"line":40,"column":3}},"24":{"start":{"line":34,"column":2},"end":{"line":39,"column":3}},"25":{"start":{"line":35,"column":19},"end":{"line":35,"column":74}},"26":{"start":{"line":36,"column":4},"end":{"line":36,"column":25}},"27":{"start":{"line":38,"column":4},"end":{"line":38,"column":60}},"28":{"start":{"line":43,"column":0},"end":{"line":43,"column":22}},"29":{"start":{"line":48,"column":0},"end":{"line":48,"column":20}}},"fnMap":{"0":{"name":"(anonymous_0)","decl":{"start":{"line":33,"column":25},"end":{"line":33,"column":26}},"loc":{"start":{"line":33,"column":45},"end":{"line":40,"column":1}},"line":33}},"branchMap":{"0":{"loc":{"start":{"line":38,"column":34},"end":{"line":38,"column":56}},"type":"binary-expr","locations":[{"start":{"line":38,"column":34},"end":{"line":38,"column":43}},{"start":{"line":38,"column":47},"end":{"line":38,"column":56}}],"line":38}},"s":{"0":15,"1":15,"2":15,"3":15,"4":15,"5":15,"6":15,"7":15,"8":15,"9":15,"10":15,"11":15,"12":15,"13":15,"14":15,"15":15,"16":15,"17":15,"18":15,"19":15,"20":15,"21":15,"22":15,"23":15,"24":2,"25":2,"26":1,"27":1,"28":15,"29":15},"f":{"0":2},"b":{"0":[1,0]},"_coverageSchema":"1a1c01bbd47fc00a2c39e90264f33305004495a9","hash":"16e3726a4673718a17e956abe6a0f661f12b7c35"}
,"C:\\Users\\ikaros\\OneDrive\\Documenti\\Bootcamp\\phase2\\weak3\\IP-RMT65-Ikaros01\\server\\controllers\\index.js": {"path":"C:\\Users\\ikaros\\OneDrive\\Documenti\\Bootcamp\\phase2\\weak3\\IP-RMT65-Ikaros01\\server\\controllers\\index.js","statementMap":{"0":{"start":{"line":1,"column":15},"end":{"line":1,"column":35}},"1":{"start":{"line":2,"column":32},"end":{"line":2,"column":52}},"2":{"start":{"line":6,"column":4},"end":{"line":43,"column":5}},"3":{"start":{"line":7,"column":59},"end":{"line":7,"column":68}},"4":{"start":{"line":9,"column":20},"end":{"line":9,"column":22}},"5":{"start":{"line":10,"column":6},"end":{"line":12,"column":7}},"6":{"start":{"line":11,"column":8},"end":{"line":11,"column":63}},"7":{"start":{"line":13,"column":6},"end":{"line":16,"column":7}},"8":{"start":{"line":15,"column":8},"end":{"line":15,"column":51}},"9":{"start":{"line":18,"column":20},"end":{"line":18,"column":22}},"10":{"start":{"line":19,"column":6},"end":{"line":21,"column":7}},"11":{"start":{"line":20,"column":8},"end":{"line":20,"column":38}},"12":{"start":{"line":23,"column":21},"end":{"line":23,"column":55}},"13":{"start":{"line":25,"column":47},"end":{"line":30,"column":8}},"14":{"start":{"line":32,"column":25},"end":{"line":32,"column":66}},"15":{"start":{"line":34,"column":6},"end":{"line":40,"column":9}},"16":{"start":{"line":42,"column":6},"end":{"line":42,"column":18}},"17":{"start":{"line":47,"column":4},"end":{"line":59,"column":5}},"18":{"start":{"line":48,"column":21},"end":{"line":48,"column":31}},"19":{"start":{"line":50,"column":20},"end":{"line":50,"column":44}},"20":{"start":{"line":52,"column":6},"end":{"line":54,"column":7}},"21":{"start":{"line":53,"column":8},"end":{"line":53,"column":62}},"22":{"start":{"line":56,"column":6},"end":{"line":56,"column":41}},"23":{"start":{"line":58,"column":8},"end":{"line":58,"column":19}},"24":{"start":{"line":63,"column":4},"end":{"line":77,"column":5}},"25":{"start":{"line":64,"column":22},"end":{"line":64,"column":33}},"26":{"start":{"line":65,"column":27},"end":{"line":65,"column":35}},"27":{"start":{"line":67,"column":21},"end":{"line":72,"column":8}},"28":{"start":{"line":74,"column":6},"end":{"line":74,"column":42}},"29":{"start":{"line":76,"column":6},"end":{"line":76,"column":18}},"30":{"start":{"line":81,"column":4},"end":{"line":96,"column":5}},"31":{"start":{"line":82,"column":22},"end":{"line":82,"column":33}},"32":{"start":{"line":83,"column":20},"end":{"line":91,"column":8}},"33":{"start":{"line":93,"column":6},"end":{"line":93,"column":41}},"34":{"start":{"line":95,"column":6},"end":{"line":95,"column":18}},"35":{"start":{"line":100,"column":4},"end":{"line":127,"column":5}},"36":{"start":{"line":101,"column":22},"end":{"line":101,"column":33}},"37":{"start":{"line":102,"column":17},"end":{"line":102,"column":30}},"38":{"start":{"line":104,"column":19},"end":{"line":120,"column":8}},"39":{"start":{"line":122,"column":6},"end":{"line":122,"column":71}},"40":{"start":{"line":122,"column":17},"end":{"line":122,"column":71}},"41":{"start":{"line":124,"column":6},"end":{"line":124,"column":40}},"42":{"start":{"line":126,"column":6},"end":{"line":126,"column":18}},"43":{"start":{"line":131,"column":4},"end":{"line":155,"column":5}},"44":{"start":{"line":132,"column":22},"end":{"line":132,"column":33}},"45":{"start":{"line":133,"column":17},"end":{"line":133,"column":30}},"46":{"start":{"line":134,"column":27},"end":{"line":134,"column":35}},"47":{"start":{"line":136,"column":19},"end":{"line":139,"column":8}},"48":{"start":{"line":140,"column":6},"end":{"line":140,"column":71}},"49":{"start":{"line":140,"column":17},"end":{"line":140,"column":71}},"50":{"start":{"line":142,"column":6},"end":{"line":142,"column":31}},"51":{"start":{"line":145,"column":8},"end":{"line":145,"column":75}},"52":{"start":{"line":146,"column":6},"end":{"line":148,"column":63}},"53":{"start":{"line":146,"column":25},"end":{"line":146,"column":49}},"54":{"start":{"line":147,"column":11},"end":{"line":148,"column":63}},"55":{"start":{"line":147,"column":52},"end":{"line":147,"column":77}},"56":{"start":{"line":148,"column":11},"end":{"line":148,"column":63}},"57":{"start":{"line":148,"column":37},"end":{"line":148,"column":63}},"58":{"start":{"line":150,"column":6},"end":{"line":150,"column":24}},"59":{"start":{"line":152,"column":6},"end":{"line":152,"column":40}},"60":{"start":{"line":154,"column":6},"end":{"line":154,"column":18}},"61":{"start":{"line":159,"column":4},"end":{"line":171,"column":5}},"62":{"start":{"line":160,"column":22},"end":{"line":160,"column":33}},"63":{"start":{"line":161,"column":17},"end":{"line":161,"column":30}},"64":{"start":{"line":163,"column":19},"end":{"line":163,"column":67}},"65":{"start":{"line":164,"column":6},"end":{"line":164,"column":71}},"66":{"start":{"line":164,"column":17},"end":{"line":164,"column":71}},"67":{"start":{"line":166,"column":6},"end":{"line":166,"column":55}},"68":{"start":{"line":168,"column":6},"end":{"line":168,"column":71}},"69":{"start":{"line":170,"column":6},"end":{"line":170,"column":18}},"70":{"start":{"line":175,"column":0},"end":{"line":175,"column":28}}},"fnMap":{"0":{"name":"(anonymous_0)","decl":{"start":{"line":5,"column":2},"end":{"line":5,"column":3}},"loc":{"start":{"line":5,"column":41},"end":{"line":44,"column":3}},"line":5},"1":{"name":"(anonymous_1)","decl":{"start":{"line":46,"column":2},"end":{"line":46,"column":3}},"loc":{"start":{"line":46,"column":41},"end":{"line":60,"column":3}},"line":46},"2":{"name":"(anonymous_2)","decl":{"start":{"line":62,"column":2},"end":{"line":62,"column":3}},"loc":{"start":{"line":62,"column":41},"end":{"line":78,"column":3}},"line":62},"3":{"name":"(anonymous_3)","decl":{"start":{"line":80,"column":2},"end":{"line":80,"column":3}},"loc":{"start":{"line":80,"column":41},"end":{"line":97,"column":3}},"line":80},"4":{"name":"(anonymous_4)","decl":{"start":{"line":99,"column":2},"end":{"line":99,"column":3}},"loc":{"start":{"line":99,"column":45},"end":{"line":128,"column":3}},"line":99},"5":{"name":"(anonymous_5)","decl":{"start":{"line":130,"column":2},"end":{"line":130,"column":3}},"loc":{"start":{"line":130,"column":44},"end":{"line":156,"column":3}},"line":130},"6":{"name":"(anonymous_6)","decl":{"start":{"line":158,"column":2},"end":{"line":158,"column":3}},"loc":{"start":{"line":158,"column":44},"end":{"line":172,"column":3}},"line":158}},"branchMap":{"0":{"loc":{"start":{"line":7,"column":35},"end":{"line":7,"column":43}},"type":"default-arg","locations":[{"start":{"line":7,"column":42},"end":{"line":7,"column":43}}],"line":7},"1":{"loc":{"start":{"line":7,"column":45},"end":{"line":7,"column":54}},"type":"default-arg","locations":[{"start":{"line":7,"column":53},"end":{"line":7,"column":54}}],"line":7},"2":{"loc":{"start":{"line":10,"column":6},"end":{"line":12,"column":7}},"type":"if","locations":[{"start":{"line":10,"column":6},"end":{"line":12,"column":7}},{"start":{},"end":{}}],"line":10},"3":{"loc":{"start":{"line":11,"column":25},"end":{"line":11,"column":44}},"type":"binary-expr","locations":[{"start":{"line":11,"column":25},"end":{"line":11,"column":33}},{"start":{"line":11,"column":37},"end":{"line":11,"column":44}}],"line":11},"4":{"loc":{"start":{"line":13,"column":6},"end":{"line":16,"column":7}},"type":"if","locations":[{"start":{"line":13,"column":6},"end":{"line":16,"column":7}},{"start":{},"end":{}}],"line":13},"5":{"loc":{"start":{"line":19,"column":6},"end":{"line":21,"column":7}},"type":"if","locations":[{"start":{"line":19,"column":6},"end":{"line":21,"column":7}},{"start":{},"end":{}}],"line":19},"6":{"loc":{"start":{"line":32,"column":25},"end":{"line":32,"column":66}},"type":"binary-expr","locations":[{"start":{"line":32,"column":25},"end":{"line":32,"column":61}},{"start":{"line":32,"column":65},"end":{"line":32,"column":66}}],"line":32},"7":{"loc":{"start":{"line":52,"column":6},"end":{"line":54,"column":7}},"type":"if","locations":[{"start":{"line":52,"column":6},"end":{"line":54,"column":7}},{"start":{},"end":{}}],"line":52},"8":{"loc":{"start":{"line":122,"column":6},"end":{"line":122,"column":71}},"type":"if","locations":[{"start":{"line":122,"column":6},"end":{"line":122,"column":71}},{"start":{},"end":{}}],"line":122},"9":{"loc":{"start":{"line":140,"column":6},"end":{"line":140,"column":71}},"type":"if","locations":[{"start":{"line":140,"column":6},"end":{"line":140,"column":71}},{"start":{},"end":{}}],"line":140},"10":{"loc":{"start":{"line":145,"column":8},"end":{"line":145,"column":75}},"type":"cond-expr","locations":[{"start":{"line":145,"column":44},"end":{"line":145,"column":71}},{"start":{"line":145,"column":74},"end":{"line":145,"column":75}}],"line":145},"11":{"loc":{"start":{"line":145,"column":8},"end":{"line":145,"column":41}},"type":"binary-expr","locations":[{"start":{"line":145,"column":8},"end":{"line":145,"column":18}},{"start":{"line":145,"column":22},"end":{"line":145,"column":41}}],"line":145},"12":{"loc":{"start":{"line":146,"column":6},"end":{"line":148,"column":63}},"type":"if","locations":[{"start":{"line":146,"column":6},"end":{"line":148,"column":63}},{"start":{"line":147,"column":11},"end":{"line":148,"column":63}}],"line":146},"13":{"loc":{"start":{"line":147,"column":11},"end":{"line":148,"column":63}},"type":"if","locations":[{"start":{"line":147,"column":11},"end":{"line":148,"column":63}},{"start":{"line":148,"column":11},"end":{"line":148,"column":63}}],"line":147},"14":{"loc":{"start":{"line":147,"column":15},"end":{"line":147,"column":50}},"type":"binary-expr","locations":[{"start":{"line":147,"column":15},"end":{"line":147,"column":27}},{"start":{"line":147,"column":31},"end":{"line":147,"column":50}}],"line":147},"15":{"loc":{"start":{"line":148,"column":11},"end":{"line":148,"column":63}},"type":"if","locations":[{"start":{"line":148,"column":11},"end":{"line":148,"column":63}},{"start":{},"end":{}}],"line":148},"16":{"loc":{"start":{"line":164,"column":6},"end":{"line":164,"column":71}},"type":"if","locations":[{"start":{"line":164,"column":6},"end":{"line":164,"column":71}},{"start":{},"end":{}}],"line":164}},"s":{"0":15,"1":15,"2":2,"3":2,"4":2,"5":2,"6":1,"7":2,"8":0,"9":2,"10":2,"11":1,"12":2,"13":2,"14":2,"15":2,"16":0,"17":3,"18":3,"19":3,"20":3,"21":2,"22":1,"23":0,"24":2,"25":2,"26":2,"27":2,"28":2,"29":0,"30":2,"31":2,"32":2,"33":2,"34":0,"35":2,"36":2,"37":2,"38":2,"39":2,"40":1,"41":1,"42":0,"43":1,"44":1,"45":1,"46":1,"47":1,"48":1,"49":0,"50":1,"51":1,"52":1,"53":0,"54":1,"55":1,"56":0,"57":0,"58":1,"59":1,"60":0,"61":1,"62":1,"63":1,"64":1,"65":1,"66":0,"67":1,"68":1,"69":0,"70":15},"f":{"0":2,"1":3,"2":2,"3":2,"4":2,"5":1,"6":1},"b":{"0":[1],"1":[1],"2":[1,1],"3":[1,0],"4":[0,2],"5":[1,1],"6":[2,0],"7":[2,1],"8":[1,1],"9":[0,1],"10":[1,0],"11":[1,1],"12":[0,1],"13":[1,0],"14":[1,1],"15":[0,0],"16":[0,1]},"_coverageSchema":"1a1c01bbd47fc00a2c39e90264f33305004495a9","hash":"288f59e0e35dc50828607c9e71eb6415af19e520"}
,"C:\\Users\\ikaros\\OneDrive\\Documenti\\Bootcamp\\phase2\\weak3\\IP-RMT65-Ikaros01\\server\\controllers\\recommendationController.js": {"path":"C:\\Users\\ikaros\\OneDrive\\Documenti\\Bootcamp\\phase2\\weak3\\IP-RMT65-Ikaros01\\server\\controllers\\recommendationController.js","statementMap":{"0":{"start":{"line":1,"column":14},"end":{"line":1,"column":42}},"1":{"start":{"line":2,"column":26},"end":{"line":2,"column":46}},"2":{"start":{"line":6,"column":4},"end":{"line":148,"column":5}},"3":{"start":{"line":7,"column":21},"end":{"line":7,"column":32}},"4":{"start":{"line":10,"column":21},"end":{"line":13,"column":8}},"5":{"start":{"line":16,"column":24},"end":{"line":18,"column":8}},"6":{"start":{"line":21,"column":30},"end":{"line":21,"column":60}},"7":{"start":{"line":21,"column":46},"end":{"line":21,"column":59}},"8":{"start":{"line":22,"column":25},"end":{"line":22,"column":67}},"9":{"start":{"line":22,"column":41},"end":{"line":22,"column":55}},"10":{"start":{"line":25,"column":21},"end":{"line":36,"column":7}},"11":{"start":{"line":30,"column":21},"end":{"line":30,"column":47}},"12":{"start":{"line":39,"column":28},"end":{"line":70,"column":7}},"13":{"start":{"line":41,"column":28},"end":{"line":41,"column":30}},"14":{"start":{"line":42,"column":8},"end":{"line":47,"column":11}},"15":{"start":{"line":43,"column":20},"end":{"line":43,"column":75}},"16":{"start":{"line":44,"column":10},"end":{"line":46,"column":13}},"17":{"start":{"line":44,"column":36},"end":{"line":44,"column":44}},"18":{"start":{"line":45,"column":12},"end":{"line":45,"column":57}},"19":{"start":{"line":50,"column":29},"end":{"line":50,"column":101}},"20":{"start":{"line":50,"column":69},"end":{"line":50,"column":100}},"21":{"start":{"line":51,"column":31},"end":{"line":51,"column":54}},"22":{"start":{"line":54,"column":25},"end":{"line":54,"column":34}},"23":{"start":{"line":55,"column":8},"end":{"line":58,"column":9}},"24":{"start":{"line":56,"column":21},"end":{"line":56,"column":49}},"25":{"start":{"line":57,"column":10},"end":{"line":57,"column":90}},"26":{"start":{"line":57,"column":45},"end":{"line":57,"column":88}},"27":{"start":{"line":61,"column":8},"end":{"line":61,"column":92}},"28":{"start":{"line":61,"column":47},"end":{"line":61,"column":78}},"29":{"start":{"line":63,"column":32},"end":{"line":67,"column":11}},"30":{"start":{"line":63,"column":53},"end":{"line":67,"column":9}},"31":{"start":{"line":69,"column":8},"end":{"line":69,"column":31}},"32":{"start":{"line":74,"column":6},"end":{"line":78,"column":7}},"33":{"start":{"line":75,"column":8},"end":{"line":75,"column":85}},"34":{"start":{"line":76,"column":32},"end":{"line":76,"column":47}},"35":{"start":{"line":77,"column":8},"end":{"line":77,"column":45}},"36":{"start":{"line":80,"column":28},"end":{"line":80,"column":32}},"37":{"start":{"line":81,"column":6},"end":{"line":88,"column":7}},"38":{"start":{"line":82,"column":8},"end":{"line":84,"column":9}},"39":{"start":{"line":83,"column":10},"end":{"line":83,"column":62}},"40":{"start":{"line":86,"column":8},"end":{"line":86,"column":100}},"41":{"start":{"line":87,"column":8},"end":{"line":87,"column":31}},"42":{"start":{"line":90,"column":33},"end":{"line":90,"column":213}},"43":{"start":{"line":92,"column":6},"end":{"line":96,"column":7}},"44":{"start":{"line":93,"column":8},"end":{"line":93,"column":79}},"45":{"start":{"line":95,"column":8},"end":{"line":95,"column":50}},"46":{"start":{"line":99,"column":6},"end":{"line":144,"column":7}},"47":{"start":{"line":102,"column":8},"end":{"line":110,"column":9}},"48":{"start":{"line":103,"column":10},"end":{"line":103,"column":55}},"49":{"start":{"line":104,"column":15},"end":{"line":110,"column":9}},"50":{"start":{"line":105,"column":10},"end":{"line":105,"column":48}},"51":{"start":{"line":106,"column":15},"end":{"line":110,"column":9}},"52":{"start":{"line":107,"column":10},"end":{"line":107,"column":47}},"53":{"start":{"line":109,"column":10},"end":{"line":109,"column":61}},"54":{"start":{"line":113,"column":19},"end":{"line":113,"column":21}},"55":{"start":{"line":114,"column":8},"end":{"line":123,"column":9}},"56":{"start":{"line":115,"column":10},"end":{"line":115,"column":40}},"57":{"start":{"line":116,"column":15},"end":{"line":123,"column":9}},"58":{"start":{"line":117,"column":10},"end":{"line":117,"column":31}},"59":{"start":{"line":118,"column":15},"end":{"line":123,"column":9}},"60":{"start":{"line":119,"column":26},"end":{"line":119,"column":50}},"61":{"start":{"line":120,"column":10},"end":{"line":120,"column":74}},"62":{"start":{"line":120,"column":34},"end":{"line":120,"column":61}},"63":{"start":{"line":122,"column":10},"end":{"line":122,"column":78}},"64":{"start":{"line":125,"column":8},"end":{"line":125,"column":46}},"65":{"start":{"line":128,"column":23},"end":{"line":128,"column":39}},"66":{"start":{"line":129,"column":25},"end":{"line":137,"column":10}},"67":{"start":{"line":130,"column":24},"end":{"line":130,"column":40}},"68":{"start":{"line":131,"column":24},"end":{"line":131,"column":167}},"69":{"start":{"line":131,"column":44},"end":{"line":131,"column":166}},"70":{"start":{"line":132,"column":10},"end":{"line":136,"column":12}},"71":{"start":{"line":138,"column":8},"end":{"line":138,"column":55}},"72":{"start":{"line":141,"column":8},"end":{"line":141,"column":93}},"73":{"start":{"line":142,"column":32},"end":{"line":142,"column":47}},"74":{"start":{"line":143,"column":8},"end":{"line":143,"column":45}},"75":{"start":{"line":146,"column":6},"end":{"line":146,"column":25}},"76":{"start":{"line":147,"column":6},"end":{"line":147,"column":73}},"77":{"start":{"line":152,"column":0},"end":{"line":152,"column":42}}},"fnMap":{"0":{"name":"(anonymous_0)","decl":{"start":{"line":5,"column":2},"end":{"line":5,"column":3}},"loc":{"start":{"line":5,"column":50},"end":{"line":149,"column":3}},"line":5},"1":{"name":"(anonymous_1)","decl":{"start":{"line":21,"column":41},"end":{"line":21,"column":42}},"loc":{"start":{"line":21,"column":46},"end":{"line":21,"column":59}},"line":21},"2":{"name":"(anonymous_2)","decl":{"start":{"line":22,"column":36},"end":{"line":22,"column":37}},"loc":{"start":{"line":22,"column":41},"end":{"line":22,"column":55}},"line":22},"3":{"name":"(anonymous_3)","decl":{"start":{"line":30,"column":16},"end":{"line":30,"column":17}},"loc":{"start":{"line":30,"column":21},"end":{"line":30,"column":47}},"line":30},"4":{"name":"(anonymous_4)","decl":{"start":{"line":39,"column":28},"end":{"line":39,"column":29}},"loc":{"start":{"line":39,"column":34},"end":{"line":70,"column":7}},"line":39},"5":{"name":"(anonymous_5)","decl":{"start":{"line":42,"column":23},"end":{"line":42,"column":24}},"loc":{"start":{"line":42,"column":28},"end":{"line":47,"column":9}},"line":42},"6":{"name":"(anonymous_6)","decl":{"start":{"line":44,"column":31},"end":{"line":44,"column":32}},"loc":{"start":{"line":44,"column":36},"end":{"line":44,"column":44}},"line":44},"7":{"name":"(anonymous_7)","decl":{"start":{"line":44,"column":70},"end":{"line":44,"column":71}},"loc":{"start":{"line":44,"column":76},"end":{"line":46,"column":11}},"line":44},"8":{"name":"(anonymous_8)","decl":{"start":{"line":50,"column":59},"end":{"line":50,"column":60}},"loc":{"start":{"line":50,"column":69},"end":{"line":50,"column":100}},"line":50},"9":{"name":"(anonymous_9)","decl":{"start":{"line":57,"column":40},"end":{"line":57,"column":41}},"loc":{"start":{"line":57,"column":45},"end":{"line":57,"column":88}},"line":57},"10":{"name":"(anonymous_10)","decl":{"start":{"line":61,"column":37},"end":{"line":61,"column":38}},"loc":{"start":{"line":61,"column":47},"end":{"line":61,"column":78}},"line":61},"11":{"name":"(anonymous_11)","decl":{"start":{"line":63,"column":47},"end":{"line":63,"column":48}},"loc":{"start":{"line":63,"column":53},"end":{"line":67,"column":9}},"line":63},"12":{"name":"(anonymous_12)","decl":{"start":{"line":120,"column":29},"end":{"line":120,"column":30}},"loc":{"start":{"line":120,"column":34},"end":{"line":120,"column":61}},"line":120},"13":{"name":"(anonymous_13)","decl":{"start":{"line":129,"column":36},"end":{"line":129,"column":37}},"loc":{"start":{"line":129,"column":44},"end":{"line":137,"column":9}},"line":129},"14":{"name":"(anonymous_14)","decl":{"start":{"line":131,"column":39},"end":{"line":131,"column":40}},"loc":{"start":{"line":131,"column":44},"end":{"line":131,"column":166}},"line":131}},"branchMap":{"0":{"loc":{"start":{"line":43,"column":20},"end":{"line":43,"column":75}},"type":"cond-expr","locations":[{"start":{"line":43,"column":48},"end":{"line":43,"column":70}},{"start":{"line":43,"column":73},"end":{"line":43,"column":75}}],"line":43},"1":{"loc":{"start":{"line":43,"column":20},"end":{"line":43,"column":45}},"type":"binary-expr","locations":[{"start":{"line":43,"column":20},"end":{"line":43,"column":27}},{"start":{"line":43,"column":31},"end":{"line":43,"column":45}}],"line":43},"2":{"loc":{"start":{"line":45,"column":31},"end":{"line":45,"column":51}},"type":"binary-expr","locations":[{"start":{"line":45,"column":31},"end":{"line":45,"column":46}},{"start":{"line":45,"column":50},"end":{"line":45,"column":51}}],"line":45},"3":{"loc":{"start":{"line":51,"column":31},"end":{"line":51,"column":54}},"type":"binary-expr","locations":[{"start":{"line":51,"column":31},"end":{"line":51,"column":46}},{"start":{"line":51,"column":50},"end":{"line":51,"column":54}}],"line":51},"4":{"loc":{"start":{"line":55,"column":8},"end":{"line":58,"column":9}},"type":"if","locations":[{"start":{"line":55,"column":8},"end":{"line":58,"column":9}},{"start":{},"end":{}}],"line":55},"5":{"loc":{"start":{"line":57,"column":46},"end":{"line":57,"column":60}},"type":"binary-expr","locations":[{"start":{"line":57,"column":46},"end":{"line":57,"column":54}},{"start":{"line":57,"column":58},"end":{"line":57,"column":60}}],"line":57},"6":{"loc":{"start":{"line":61,"column":48},"end":{"line":61,"column":60}},"type":"binary-expr","locations":[{"start":{"line":61,"column":48},"end":{"line":61,"column":55}},{"start":{"line":61,"column":59},"end":{"line":61,"column":60}}],"line":61},"7":{"loc":{"start":{"line":61,"column":65},"end":{"line":61,"column":77}},"type":"binary-expr","locations":[{"start":{"line":61,"column":65},"end":{"line":61,"column":72}},{"start":{"line":61,"column":76},"end":{"line":61,"column":77}}],"line":61},"8":{"loc":{"start":{"line":65,"column":18},"end":{"line":65,"column":108}},"type":"cond-expr","locations":[{"start":{"line":65,"column":35},"end":{"line":65,"column":79}},{"start":{"line":65,"column":82},"end":{"line":65,"column":108}}],"line":65},"9":{"loc":{"start":{"line":66,"column":21},"end":{"line":66,"column":40}},"type":"binary-expr","locations":[{"start":{"line":66,"column":21},"end":{"line":66,"column":32}},{"start":{"line":66,"column":36},"end":{"line":66,"column":40}}],"line":66},"10":{"loc":{"start":{"line":74,"column":6},"end":{"line":78,"column":7}},"type":"if","locations":[{"start":{"line":74,"column":6},"end":{"line":78,"column":7}},{"start":{},"end":{}}],"line":74},"11":{"loc":{"start":{"line":82,"column":8},"end":{"line":84,"column":9}},"type":"if","locations":[{"start":{"line":82,"column":8},"end":{"line":84,"column":9}},{"start":{},"end":{}}],"line":82},"12":{"loc":{"start":{"line":86,"column":52},"end":{"line":86,"column":98}},"type":"cond-expr","locations":[{"start":{"line":86,"column":77},"end":{"line":86,"column":90}},{"start":{"line":86,"column":93},"end":{"line":86,"column":98}}],"line":86},"13":{"loc":{"start":{"line":86,"column":52},"end":{"line":86,"column":74}},"type":"binary-expr","locations":[{"start":{"line":86,"column":52},"end":{"line":86,"column":57}},{"start":{"line":86,"column":61},"end":{"line":86,"column":74}}],"line":86},"14":{"loc":{"start":{"line":90,"column":33},"end":{"line":90,"column":213}},"type":"binary-expr","locations":[{"start":{"line":90,"column":34},"end":{"line":90,"column":49}},{"start":{"line":90,"column":53},"end":{"line":90,"column":83}},{"start":{"line":90,"column":87},"end":{"line":90,"column":113}},{"start":{"line":90,"column":119},"end":{"line":90,"column":134}},{"start":{"line":90,"column":138},"end":{"line":90,"column":175}},{"start":{"line":90,"column":179},"end":{"line":90,"column":212}}],"line":90},"15":{"loc":{"start":{"line":92,"column":6},"end":{"line":96,"column":7}},"type":"if","locations":[{"start":{"line":92,"column":6},"end":{"line":96,"column":7}},{"start":{},"end":{}}],"line":92},"16":{"loc":{"start":{"line":102,"column":8},"end":{"line":110,"column":9}},"type":"if","locations":[{"start":{"line":102,"column":8},"end":{"line":110,"column":9}},{"start":{"line":104,"column":15},"end":{"line":110,"column":9}}],"line":102},"17":{"loc":{"start":{"line":104,"column":15},"end":{"line":110,"column":9}},"type":"if","locations":[{"start":{"line":104,"column":15},"end":{"line":110,"column":9}},{"start":{"line":106,"column":15},"end":{"line":110,"column":9}}],"line":104},"18":{"loc":{"start":{"line":106,"column":15},"end":{"line":110,"column":9}},"type":"if","locations":[{"start":{"line":106,"column":15},"end":{"line":110,"column":9}},{"start":{"line":108,"column":15},"end":{"line":110,"column":9}}],"line":106},"19":{"loc":{"start":{"line":114,"column":8},"end":{"line":123,"column":9}},"type":"if","locations":[{"start":{"line":114,"column":8},"end":{"line":123,"column":9}},{"start":{"line":116,"column":15},"end":{"line":123,"column":9}}],"line":114},"20":{"loc":{"start":{"line":114,"column":12},"end":{"line":114,"column":83}},"type":"binary-expr","locations":[{"start":{"line":114,"column":12},"end":{"line":114,"column":18}},{"start":{"line":114,"column":22},"end":{"line":114,"column":37}},{"start":{"line":114,"column":41},"end":{"line":114,"column":83}}],"line":114},"21":{"loc":{"start":{"line":116,"column":15},"end":{"line":123,"column":9}},"type":"if","locations":[{"start":{"line":116,"column":15},"end":{"line":123,"column":9}},{"start":{"line":118,"column":15},"end":{"line":123,"column":9}}],"line":116},"22":{"loc":{"start":{"line":116,"column":19},"end":{"line":116,"column":62}},"type":"binary-expr","locations":[{"start":{"line":116,"column":19},"end":{"line":116,"column":25}},{"start":{"line":116,"column":29},"end":{"line":116,"column":62}}],"line":116},"23":{"loc":{"start":{"line":118,"column":15},"end":{"line":123,"column":9}},"type":"if","locations":[{"start":{"line":118,"column":15},"end":{"line":123,"column":9}},{"start":{"line":121,"column":15},"end":{"line":123,"column":9}}],"line":118},"24":{"loc":{"start":{"line":118,"column":19},"end":{"line":118,"column":122}},"type":"binary-expr","locations":[{"start":{"line":118,"column":19},"end":{"line":118,"column":25}},{"start":{"line":118,"column":29},"end":{"line":118,"column":42}},{"start":{"line":118,"column":46},"end":{"line":118,"column":74}},{"start":{"line":118,"column":78},"end":{"line":118,"column":94}},{"start":{"line":118,"column":98},"end":{"line":118,"column":122}}],"line":118},"25":{"loc":{"start":{"line":120,"column":34},"end":{"line":120,"column":61}},"type":"binary-expr","locations":[{"start":{"line":120,"column":34},"end":{"line":120,"column":40}},{"start":{"line":120,"column":44},"end":{"line":120,"column":61}}],"line":120},"26":{"loc":{"start":{"line":122,"column":17},"end":{"line":122,"column":77}},"type":"cond-expr","locations":[{"start":{"line":122,"column":46},"end":{"line":122,"column":52}},{"start":{"line":122,"column":55},"end":{"line":122,"column":77}}],"line":122},"27":{"loc":{"start":{"line":130,"column":24},"end":{"line":130,"column":40}},"type":"binary-expr","locations":[{"start":{"line":130,"column":24},"end":{"line":130,"column":34}},{"start":{"line":130,"column":38},"end":{"line":130,"column":40}}],"line":130},"28":{"loc":{"start":{"line":131,"column":44},"end":{"line":131,"column":166}},"type":"binary-expr","locations":[{"start":{"line":131,"column":44},"end":{"line":131,"column":51}},{"start":{"line":131,"column":55},"end":{"line":131,"column":60}},{"start":{"line":131,"column":65},"end":{"line":131,"column":110}},{"start":{"line":131,"column":114},"end":{"line":131,"column":165}}],"line":131},"29":{"loc":{"start":{"line":135,"column":23},"end":{"line":135,"column":53}},"type":"cond-expr","locations":[{"start":{"line":135,"column":31},"end":{"line":135,"column":46}},{"start":{"line":135,"column":49},"end":{"line":135,"column":53}}],"line":135}},"s":{"0":15,"1":15,"2":11,"3":11,"4":11,"5":11,"6":11,"7":1,"8":11,"9":1,"10":11,"11":2200,"12":11,"13":3,"14":3,"15":1,"16":1,"17":3,"18":3,"19":3,"20":2,"21":3,"22":3,"23":3,"24":1,"25":1,"26":200,"27":3,"28":1837,"29":3,"30":15,"31":3,"32":11,"33":2,"34":2,"35":2,"36":9,"37":9,"38":9,"39":9,"40":0,"41":0,"42":9,"43":9,"44":1,"45":1,"46":8,"47":8,"48":5,"49":3,"50":2,"51":1,"52":1,"53":0,"54":8,"55":8,"56":5,"57":3,"58":1,"59":2,"60":1,"61":1,"62":1,"63":1,"64":8,"65":8,"66":7,"67":7,"68":7,"69":1201,"70":7,"71":7,"72":1,"73":1,"74":1,"75":1,"76":1,"77":15},"f":{"0":11,"1":1,"2":1,"3":2200,"4":3,"5":1,"6":3,"7":3,"8":2,"9":200,"10":1837,"11":15,"12":1,"13":7,"14":1201},"b":{"0":[1,0],"1":[1,1],"2":[3,3],"3":[3,2],"4":[1,2],"5":[200,1],"6":[1837,0],"7":[1837,0],"8":[5,10],"9":[15,0],"10":[2,9],"11":[9,0],"12":[0,0],"13":[0,0],"14":[9,9,9,1,1,0],"15":[1,8],"16":[5,3],"17":[2,1],"18":[1,0],"19":[5,3],"20":[8,8,5],"21":[1,2],"22":[3,3],"23":[1,1],"24":[2,2,1,1,1],"25":[1,0],"26":[1,0],"27":[7,0],"28":[1201,1201,1201,1200],"29":[1,6]},"_coverageSchema":"1a1c01bbd47fc00a2c39e90264f33305004495a9","hash":"267143c0df7fd8fd083e670bf0c7c6154e5ad7bd"}
,"C:\\Users\\ikaros\\OneDrive\\Documenti\\Bootcamp\\phase2\\weak3\\IP-RMT65-Ikaros01\\server\\controllers\\userController.js": {"path":"C:\\Users\\ikaros\\OneDrive\\Documenti\\Bootcamp\\phase2\\weak3\\IP-RMT65-Ikaros01\\server\\controllers\\userController.js","statementMap":{"0":{"start":{"line":1,"column":17},"end":{"line":1,"column":37}},"1":{"start":{"line":3,"column":22},"end":{"line":3,"column":47}},"2":{"start":{"line":7,"column":4},"end":{"line":13,"column":5}},"3":{"start":{"line":8,"column":44},"end":{"line":8,"column":52}},"4":{"start":{"line":9,"column":19},"end":{"line":9,"column":67}},"5":{"start":{"line":10,"column":6},"end":{"line":10,"column":88}},"6":{"start":{"line":12,"column":6},"end":{"line":12,"column":16}},"7":{"start":{"line":17,"column":4},"end":{"line":41,"column":5}},"8":{"start":{"line":18,"column":34},"end":{"line":18,"column":42}},"9":{"start":{"line":19,"column":19},"end":{"line":19,"column":59}},"10":{"start":{"line":20,"column":6},"end":{"line":24,"column":7}},"11":{"start":{"line":21,"column":22},"end":{"line":21,"column":60}},"12":{"start":{"line":22,"column":8},"end":{"line":22,"column":36}},"13":{"start":{"line":23,"column":8},"end":{"line":23,"column":20}},"14":{"start":{"line":27,"column":20},"end":{"line":27,"column":71}},"15":{"start":{"line":28,"column":6},"end":{"line":32,"column":7}},"16":{"start":{"line":29,"column":22},"end":{"line":29,"column":60}},"17":{"start":{"line":30,"column":8},"end":{"line":30,"column":36}},"18":{"start":{"line":31,"column":8},"end":{"line":31,"column":20}},"19":{"start":{"line":35,"column":27},"end":{"line":35,"column":72}},"20":{"start":{"line":36,"column":6},"end":{"line":36,"column":32}},"21":{"start":{"line":38,"column":6},"end":{"line":38,"column":33}},"22":{"start":{"line":40,"column":6},"end":{"line":40,"column":16}},"23":{"start":{"line":45,"column":0},"end":{"line":45,"column":32}}},"fnMap":{"0":{"name":"(anonymous_0)","decl":{"start":{"line":6,"column":2},"end":{"line":6,"column":3}},"loc":{"start":{"line":6,"column":40},"end":{"line":14,"column":3}},"line":6},"1":{"name":"(anonymous_1)","decl":{"start":{"line":16,"column":2},"end":{"line":16,"column":3}},"loc":{"start":{"line":16,"column":37},"end":{"line":42,"column":3}},"line":16}},"branchMap":{"0":{"loc":{"start":{"line":20,"column":6},"end":{"line":24,"column":7}},"type":"if","locations":[{"start":{"line":20,"column":6},"end":{"line":24,"column":7}},{"start":{},"end":{}}],"line":20},"1":{"loc":{"start":{"line":28,"column":6},"end":{"line":32,"column":7}},"type":"if","locations":[{"start":{"line":28,"column":6},"end":{"line":32,"column":7}},{"start":{},"end":{}}],"line":28}},"s":{"0":15,"1":15,"2":12,"3":12,"4":12,"5":11,"6":1,"7":12,"8":12,"9":12,"10":12,"11":0,"12":0,"13":0,"14":12,"15":12,"16":1,"17":1,"18":1,"19":11,"20":11,"21":11,"22":1,"23":15},"f":{"0":12,"1":12},"b":{"0":[0,12],"1":[1,11]},"_coverageSchema":"1a1c01bbd47fc00a2c39e90264f33305004495a9","hash":"946fdf26875a2a356da5b6a034c8d1e03456b377"}
,"C:\\Users\\ikaros\\OneDrive\\Documenti\\Bootcamp\\phase2\\weak3\\IP-RMT65-Ikaros01\\server\\helpers\\formatter.js": {"path":"C:\\Users\\ikaros\\OneDrive\\Documenti\\Bootcamp\\phase2\\weak3\\IP-RMT65-Ikaros01\\server\\helpers\\formatter.js","statementMap":{"0":{"start":{"line":1,"column":15},"end":{"line":1,"column":32}},"1":{"start":{"line":2,"column":21},"end":{"line":5,"column":1}},"2":{"start":{"line":3,"column":17},"end":{"line":3,"column":39}},"3":{"start":{"line":4,"column":4},"end":{"line":4,"column":42}},"4":{"start":{"line":7,"column":24},"end":{"line":9,"column":1}},"5":{"start":{"line":8,"column":4},"end":{"line":8,"column":55}},"6":{"start":{"line":11,"column":0},"end":{"line":14,"column":1}}},"fnMap":{"0":{"name":"(anonymous_0)","decl":{"start":{"line":2,"column":21},"end":{"line":2,"column":22}},"loc":{"start":{"line":2,"column":35},"end":{"line":5,"column":1}},"line":2},"1":{"name":"(anonymous_1)","decl":{"start":{"line":7,"column":24},"end":{"line":7,"column":25}},"loc":{"start":{"line":7,"column":54},"end":{"line":9,"column":1}},"line":7}},"branchMap":{},"s":{"0":2,"1":2,"2":1,"3":1,"4":2,"5":3,"6":2},"f":{"0":1,"1":3},"b":{},"_coverageSchema":"1a1c01bbd47fc00a2c39e90264f33305004495a9","hash":"98c62094d99bd11e7f63f17ee8dbadfe57aa1231"}
,"C:\\Users\\ikaros\\OneDrive\\Documenti\\Bootcamp\\phase2\\weak3\\IP-RMT65-Ikaros01\\server\\helpers\\gemini.js": {"path":"C:\\Users\\ikaros\\OneDrive\\Documenti\\Bootcamp\\phase2\\weak3\\IP-RMT65-Ikaros01\\server\\helpers\\gemini.js","statementMap":{"0":{"start":{"line":1,"column":31},"end":{"line":1,"column":63}},"1":{"start":{"line":3,"column":14},"end":{"line":3,"column":64}},"2":{"start":{"line":6,"column":24},"end":{"line":11,"column":1}},"3":{"start":{"line":13,"column":18},"end":{"line":13,"column":22}},"4":{"start":{"line":16,"column":1},"end":{"line":16,"column":37}},"5":{"start":{"line":16,"column":18},"end":{"line":16,"column":37}},"6":{"start":{"line":18,"column":1},"end":{"line":41,"column":2}},"7":{"start":{"line":19,"column":2},"end":{"line":38,"column":3}},"8":{"start":{"line":20,"column":15},"end":{"line":20,"column":39}},"9":{"start":{"line":21,"column":19},"end":{"line":21,"column":21}},"10":{"start":{"line":22,"column":3},"end":{"line":28,"column":4}},"11":{"start":{"line":23,"column":4},"end":{"line":23,"column":62}},"12":{"start":{"line":23,"column":29},"end":{"line":23,"column":60}},"13":{"start":{"line":24,"column":10},"end":{"line":28,"column":4}},"14":{"start":{"line":25,"column":4},"end":{"line":25,"column":69}},"15":{"start":{"line":25,"column":36},"end":{"line":25,"column":67}},"16":{"start":{"line":26,"column":10},"end":{"line":28,"column":4}},"17":{"start":{"line":27,"column":4},"end":{"line":27,"column":68}},"18":{"start":{"line":27,"column":35},"end":{"line":27,"column":66}},"19":{"start":{"line":30,"column":3},"end":{"line":37,"column":4}},"20":{"start":{"line":31,"column":18},"end":{"line":31,"column":148}},"21":{"start":{"line":31,"column":38},"end":{"line":31,"column":147}},"22":{"start":{"line":32,"column":4},"end":{"line":36,"column":5}},"23":{"start":{"line":33,"column":5},"end":{"line":33,"column":66}},"24":{"start":{"line":34,"column":5},"end":{"line":34,"column":73}},"25":{"start":{"line":35,"column":5},"end":{"line":35,"column":24}},"26":{"start":{"line":40,"column":2},"end":{"line":40,"column":110}},"27":{"start":{"line":44,"column":1},"end":{"line":53,"column":2}},"28":{"start":{"line":45,"column":2},"end":{"line":52,"column":3}},"29":{"start":{"line":46,"column":15},"end":{"line":46,"column":53}},"30":{"start":{"line":47,"column":3},"end":{"line":47,"column":21}},"31":{"start":{"line":48,"column":3},"end":{"line":48,"column":56}},"32":{"start":{"line":49,"column":3},"end":{"line":49,"column":9}},"33":{"start":{"line":51,"column":3},"end":{"line":51,"column":70}},"34":{"start":{"line":54,"column":1},"end":{"line":54,"column":68}},"35":{"start":{"line":54,"column":19},"end":{"line":54,"column":68}},"36":{"start":{"line":55,"column":1},"end":{"line":55,"column":20}},"37":{"start":{"line":59,"column":16},"end":{"line":81,"column":1}},"38":{"start":{"line":61,"column":14},"end":{"line":61,"column":31}},"39":{"start":{"line":62,"column":2},"end":{"line":62,"column":84}},"40":{"start":{"line":62,"column":49},"end":{"line":62,"column":84}},"41":{"start":{"line":63,"column":2},"end":{"line":63,"column":70}},"42":{"start":{"line":63,"column":42},"end":{"line":63,"column":70}},"43":{"start":{"line":64,"column":2},"end":{"line":64,"column":68}},"44":{"start":{"line":64,"column":41},"end":{"line":64,"column":68}},"45":{"start":{"line":65,"column":2},"end":{"line":65,"column":59}},"46":{"start":{"line":68,"column":14},"end":{"line":68,"column":31}},"47":{"start":{"line":69,"column":2},"end":{"line":69,"column":70}},"48":{"start":{"line":69,"column":42},"end":{"line":69,"column":70}},"49":{"start":{"line":70,"column":2},"end":{"line":70,"column":84}},"50":{"start":{"line":70,"column":49},"end":{"line":70,"column":84}},"51":{"start":{"line":71,"column":2},"end":{"line":71,"column":68}},"52":{"start":{"line":71,"column":41},"end":{"line":71,"column":68}},"53":{"start":{"line":72,"column":2},"end":{"line":72,"column":59}},"54":{"start":{"line":75,"column":14},"end":{"line":75,"column":31}},"55":{"start":{"line":76,"column":2},"end":{"line":76,"column":68}},"56":{"start":{"line":76,"column":41},"end":{"line":76,"column":68}},"57":{"start":{"line":77,"column":2},"end":{"line":77,"column":70}},"58":{"start":{"line":77,"column":42},"end":{"line":77,"column":70}},"59":{"start":{"line":78,"column":2},"end":{"line":78,"column":84}},"60":{"start":{"line":78,"column":49},"end":{"line":78,"column":84}},"61":{"start":{"line":79,"column":2},"end":{"line":79,"column":58}},"62":{"start":{"line":84,"column":0},"end":{"line":98,"column":2}},"63":{"start":{"line":85,"column":1},"end":{"line":97,"column":2}},"64":{"start":{"line":86,"column":2},"end":{"line":93,"column":3}},"65":{"start":{"line":87,"column":15},"end":{"line":87,"column":39}},"66":{"start":{"line":89,"column":3},"end":{"line":89,"column":38}},"67":{"start":{"line":89,"column":27},"end":{"line":89,"column":38}},"68":{"start":{"line":90,"column":3},"end":{"line":90,"column":59}},"69":{"start":{"line":90,"column":41},"end":{"line":90,"column":59}},"70":{"start":{"line":91,"column":3},"end":{"line":91,"column":57}},"71":{"start":{"line":91,"column":40},"end":{"line":91,"column":57}},"72":{"start":{"line":92,"column":3},"end":{"line":92,"column":14}},"73":{"start":{"line":94,"column":2},"end":{"line":94,"column":56}},"74":{"start":{"line":96,"column":2},"end":{"line":96,"column":43}},"75":{"start":{"line":100,"column":0},"end":{"line":100,"column":25}}},"fnMap":{"0":{"name":"pickModel","decl":{"start":{"line":15,"column":15},"end":{"line":15,"column":24}},"loc":{"start":{"line":15,"column":27},"end":{"line":56,"column":1}},"line":15},"1":{"name":"(anonymous_1)","decl":{"start":{"line":23,"column":24},"end":{"line":23,"column":25}},"loc":{"start":{"line":23,"column":29},"end":{"line":23,"column":60}},"line":23},"2":{"name":"(anonymous_2)","decl":{"start":{"line":25,"column":31},"end":{"line":25,"column":32}},"loc":{"start":{"line":25,"column":36},"end":{"line":25,"column":67}},"line":25},"3":{"name":"(anonymous_3)","decl":{"start":{"line":27,"column":30},"end":{"line":27,"column":31}},"loc":{"start":{"line":27,"column":35},"end":{"line":27,"column":66}},"line":27},"4":{"name":"(anonymous_4)","decl":{"start":{"line":31,"column":33},"end":{"line":31,"column":34}},"loc":{"start":{"line":31,"column":38},"end":{"line":31,"column":147}},"line":31},"5":{"name":"(anonymous_5)","decl":{"start":{"line":60,"column":1},"end":{"line":60,"column":2}},"loc":{"start":{"line":60,"column":31},"end":{"line":66,"column":2}},"line":60},"6":{"name":"(anonymous_6)","decl":{"start":{"line":67,"column":1},"end":{"line":67,"column":2}},"loc":{"start":{"line":67,"column":24},"end":{"line":73,"column":2}},"line":67},"7":{"name":"(anonymous_7)","decl":{"start":{"line":74,"column":1},"end":{"line":74,"column":2}},"loc":{"start":{"line":74,"column":23},"end":{"line":80,"column":2}},"line":74},"8":{"name":"(anonymous_8)","decl":{"start":{"line":84,"column":30},"end":{"line":84,"column":31}},"loc":{"start":{"line":84,"column":47},"end":{"line":98,"column":1}},"line":84}},"branchMap":{"0":{"loc":{"start":{"line":16,"column":1},"end":{"line":16,"column":37}},"type":"if","locations":[{"start":{"line":16,"column":1},"end":{"line":16,"column":37}},{"start":{},"end":{}}],"line":16},"1":{"loc":{"start":{"line":19,"column":2},"end":{"line":38,"column":3}},"type":"if","locations":[{"start":{"line":19,"column":2},"end":{"line":38,"column":3}},{"start":{},"end":{}}],"line":19},"2":{"loc":{"start":{"line":22,"column":3},"end":{"line":28,"column":4}},"type":"if","locations":[{"start":{"line":22,"column":3},"end":{"line":28,"column":4}},{"start":{"line":24,"column":10},"end":{"line":28,"column":4}}],"line":22},"3":{"loc":{"start":{"line":23,"column":29},"end":{"line":23,"column":60}},"type":"binary-expr","locations":[{"start":{"line":23,"column":29},"end":{"line":23,"column":35}},{"start":{"line":23,"column":39},"end":{"line":23,"column":43}},{"start":{"line":23,"column":47},"end":{"line":23,"column":54}},{"start":{"line":23,"column":58},"end":{"line":23,"column":60}}],"line":23},"4":{"loc":{"start":{"line":24,"column":10},"end":{"line":28,"column":4}},"type":"if","locations":[{"start":{"line":24,"column":10},"end":{"line":28,"column":4}},{"start":{"line":26,"column":10},"end":{"line":28,"column":4}}],"line":24},"5":{"loc":{"start":{"line":24,"column":14},"end":{"line":24,"column":46}},"type":"binary-expr","locations":[{"start":{"line":24,"column":14},"end":{"line":24,"column":17}},{"start":{"line":24,"column":21},"end":{"line":24,"column":46}}],"line":24},"6":{"loc":{"start":{"line":25,"column":36},"end":{"line":25,"column":67}},"type":"binary-expr","locations":[{"start":{"line":25,"column":36},"end":{"line":25,"column":42}},{"start":{"line":25,"column":46},"end":{"line":25,"column":50}},{"start":{"line":25,"column":54},"end":{"line":25,"column":61}},{"start":{"line":25,"column":65},"end":{"line":25,"column":67}}],"line":25},"7":{"loc":{"start":{"line":26,"column":10},"end":{"line":28,"column":4}},"type":"if","locations":[{"start":{"line":26,"column":10},"end":{"line":28,"column":4}},{"start":{},"end":{}}],"line":26},"8":{"loc":{"start":{"line":26,"column":14},"end":{"line":26,"column":45}},"type":"binary-expr","locations":[{"start":{"line":26,"column":14},"end":{"line":26,"column":17}},{"start":{"line":26,"column":21},"end":{"line":26,"column":45}}],"line":26},"9":{"loc":{"start":{"line":27,"column":35},"end":{"line":27,"column":66}},"type":"binary-expr","locations":[{"start":{"line":27,"column":35},"end":{"line":27,"column":41}},{"start":{"line":27,"column":45},"end":{"line":27,"column":49}},{"start":{"line":27,"column":53},"end":{"line":27,"column":60}},{"start":{"line":27,"column":64},"end":{"line":27,"column":66}}],"line":27},"10":{"loc":{"start":{"line":31,"column":38},"end":{"line":31,"column":147}},"type":"binary-expr","locations":[{"start":{"line":31,"column":38},"end":{"line":31,"column":39}},{"start":{"line":31,"column":44},"end":{"line":31,"column":93}},{"start":{"line":31,"column":97},"end":{"line":31,"column":146}}],"line":31},"11":{"loc":{"start":{"line":32,"column":4},"end":{"line":36,"column":5}},"type":"if","locations":[{"start":{"line":32,"column":4},"end":{"line":36,"column":5}},{"start":{},"end":{}}],"line":32},"12":{"loc":{"start":{"line":40,"column":54},"end":{"line":40,"column":108}},"type":"cond-expr","locations":[{"start":{"line":40,"column":83},"end":{"line":40,"column":98}},{"start":{"line":40,"column":101},"end":{"line":40,"column":108}}],"line":40},"13":{"loc":{"start":{"line":40,"column":54},"end":{"line":40,"column":80}},"type":"binary-expr","locations":[{"start":{"line":40,"column":54},"end":{"line":40,"column":61}},{"start":{"line":40,"column":65},"end":{"line":40,"column":80}}],"line":40},"14":{"loc":{"start":{"line":51,"column":54},"end":{"line":51,"column":68}},"type":"binary-expr","locations":[{"start":{"line":51,"column":54},"end":{"line":51,"column":63}},{"start":{"line":51,"column":67},"end":{"line":51,"column":68}}],"line":51},"15":{"loc":{"start":{"line":54,"column":1},"end":{"line":54,"column":68}},"type":"if","locations":[{"start":{"line":54,"column":1},"end":{"line":54,"column":68}},{"start":{},"end":{}}],"line":54},"16":{"loc":{"start":{"line":62,"column":2},"end":{"line":62,"column":84}},"type":"if","locations":[{"start":{"line":62,"column":2},"end":{"line":62,"column":84}},{"start":{},"end":{}}],"line":62},"17":{"loc":{"start":{"line":63,"column":2},"end":{"line":63,"column":70}},"type":"if","locations":[{"start":{"line":63,"column":2},"end":{"line":63,"column":70}},{"start":{},"end":{}}],"line":63},"18":{"loc":{"start":{"line":64,"column":2},"end":{"line":64,"column":68}},"type":"if","locations":[{"start":{"line":64,"column":2},"end":{"line":64,"column":68}},{"start":{},"end":{}}],"line":64},"19":{"loc":{"start":{"line":69,"column":2},"end":{"line":69,"column":70}},"type":"if","locations":[{"start":{"line":69,"column":2},"end":{"line":69,"column":70}},{"start":{},"end":{}}],"line":69},"20":{"loc":{"start":{"line":70,"column":2},"end":{"line":70,"column":84}},"type":"if","locations":[{"start":{"line":70,"column":2},"end":{"line":70,"column":84}},{"start":{},"end":{}}],"line":70},"21":{"loc":{"start":{"line":71,"column":2},"end":{"line":71,"column":68}},"type":"if","locations":[{"start":{"line":71,"column":2},"end":{"line":71,"column":68}},{"start":{},"end":{}}],"line":71},"22":{"loc":{"start":{"line":76,"column":2},"end":{"line":76,"column":68}},"type":"if","locations":[{"start":{"line":76,"column":2},"end":{"line":76,"column":68}},{"start":{},"end":{}}],"line":76},"23":{"loc":{"start":{"line":77,"column":2},"end":{"line":77,"column":70}},"type":"if","locations":[{"start":{"line":77,"column":2},"end":{"line":77,"column":70}},{"start":{},"end":{}}],"line":77},"24":{"loc":{"start":{"line":78,"column":2},"end":{"line":78,"column":84}},"type":"if","locations":[{"start":{"line":78,"column":2},"end":{"line":78,"column":84}},{"start":{},"end":{}}],"line":78},"25":{"loc":{"start":{"line":86,"column":2},"end":{"line":93,"column":3}},"type":"if","locations":[{"start":{"line":86,"column":2},"end":{"line":93,"column":3}},{"start":{},"end":{}}],"line":86},"26":{"loc":{"start":{"line":89,"column":3},"end":{"line":89,"column":38}},"type":"if","locations":[{"start":{"line":89,"column":3},"end":{"line":89,"column":38}},{"start":{},"end":{}}],"line":89},"27":{"loc":{"start":{"line":90,"column":3},"end":{"line":90,"column":59}},"type":"if","locations":[{"start":{"line":90,"column":3},"end":{"line":90,"column":59}},{"start":{},"end":{}}],"line":90},"28":{"loc":{"start":{"line":90,"column":7},"end":{"line":90,"column":39}},"type":"binary-expr","locations":[{"start":{"line":90,"column":7},"end":{"line":90,"column":10}},{"start":{"line":90,"column":14},"end":{"line":90,"column":39}}],"line":90},"29":{"loc":{"start":{"line":91,"column":3},"end":{"line":91,"column":57}},"type":"if","locations":[{"start":{"line":91,"column":3},"end":{"line":91,"column":57}},{"start":{},"end":{}}],"line":91},"30":{"loc":{"start":{"line":91,"column":7},"end":{"line":91,"column":38}},"type":"binary-expr","locations":[{"start":{"line":91,"column":7},"end":{"line":91,"column":10}},{"start":{"line":91,"column":14},"end":{"line":91,"column":38}}],"line":91},"31":{"loc":{"start":{"line":96,"column":18},"end":{"line":96,"column":40}},"type":"binary-expr","locations":[{"start":{"line":96,"column":18},"end":{"line":96,"column":27}},{"start":{"line":96,"column":31},"end":{"line":96,"column":40}}],"line":96}},"s":{"0":22,"1":22,"2":22,"3":22,"4":13,"5":2,"6":11,"7":11,"8":6,"9":6,"10":6,"11":5,"12":5,"13":1,"14":1,"15":1,"16":0,"17":0,"18":0,"19":6,"20":8,"21":8,"22":8,"23":6,"24":6,"25":6,"26":0,"27":5,"28":13,"29":13,"30":4,"31":4,"32":4,"33":9,"34":5,"35":1,"36":4,"37":22,"38":8,"39":7,"40":4,"41":3,"42":0,"43":3,"44":1,"45":2,"46":3,"47":3,"48":2,"49":1,"50":0,"51":1,"52":1,"53":0,"54":2,"55":2,"56":2,"57":0,"58":0,"59":0,"60":0,"61":0,"62":22,"63":9,"64":9,"65":6,"66":5,"67":2,"68":3,"69":2,"70":1,"71":1,"72":0,"73":3,"74":1,"75":22},"f":{"0":13,"1":5,"2":1,"3":0,"4":8,"5":8,"6":3,"7":2,"8":9},"b":{"0":[2,11],"1":[6,5],"2":[5,1],"3":[5,1,1,0],"4":[1,0],"5":[1,1],"6":[1,0,0,0],"7":[0,0],"8":[0,0],"9":[0,0,0,0],"10":[8,8,2],"11":[6,2],"12":[0,0],"13":[0,0],"14":[9,0],"15":[1,4],"16":[4,3],"17":[0,3],"18":[1,2],"19":[2,1],"20":[0,1],"21":[1,0],"22":[2,0],"23":[0,0],"24":[0,0],"25":[6,3],"26":[2,3],"27":[2,1],"28":[3,3],"29":[1,0],"30":[1,1],"31":[1,0]},"_coverageSchema":"1a1c01bbd47fc00a2c39e90264f33305004495a9","hash":"d7b007a7e493487fd947370134ca07e674f5fcbc"}
,"C:\\Users\\ikaros\\OneDrive\\Documenti\\Bootcamp\\phase2\\weak3\\IP-RMT65-Ikaros01\\server\\helpers\\jwt.js": {"path":"C:\\Users\\ikaros\\OneDrive\\Documenti\\Bootcamp\\phase2\\weak3\\IP-RMT65-Ikaros01\\server\\helpers\\jwt.js","statementMap":{"0":{"start":{"line":1,"column":12},"end":{"line":1,"column":35}},"1":{"start":{"line":4,"column":19},"end":{"line":4,"column":67}},"2":{"start":{"line":6,"column":18},"end":{"line":8,"column":1}},"3":{"start":{"line":7,"column":4},"end":{"line":7,"column":40}},"4":{"start":{"line":10,"column":20},"end":{"line":12,"column":1}},"5":{"start":{"line":11,"column":4},"end":{"line":11,"column":40}},"6":{"start":{"line":14,"column":0},"end":{"line":14,"column":41}}},"fnMap":{"0":{"name":"(anonymous_0)","decl":{"start":{"line":6,"column":18},"end":{"line":6,"column":19}},"loc":{"start":{"line":6,"column":31},"end":{"line":8,"column":1}},"line":6},"1":{"name":"(anonymous_1)","decl":{"start":{"line":10,"column":20},"end":{"line":10,"column":21}},"loc":{"start":{"line":10,"column":31},"end":{"line":12,"column":1}},"line":10}},"branchMap":{"0":{"loc":{"start":{"line":4,"column":19},"end":{"line":4,"column":67}},"type":"binary-expr","locations":[{"start":{"line":4,"column":19},"end":{"line":4,"column":41}},{"start":{"line":4,"column":45},"end":{"line":4,"column":67}}],"line":4}},"s":{"0":16,"1":16,"2":16,"3":11,"4":16,"5":19,"6":16},"f":{"0":11,"1":19},"b":{"0":[16,1]},"_coverageSchema":"1a1c01bbd47fc00a2c39e90264f33305004495a9","hash":"ae4d4e5e425384dc89d4753d2bc4c839d269400d"}
,"C:\\Users\\ikaros\\OneDrive\\Documenti\\Bootcamp\\phase2\\weak3\\IP-RMT65-Ikaros01\\server\\middlewares\\authentication.js": {"path":"C:\\Users\\ikaros\\OneDrive\\Documenti\\Bootcamp\\phase2\\weak3\\IP-RMT65-Ikaros01\\server\\middlewares\\authentication.js","statementMap":{"0":{"start":{"line":1,"column":24},"end":{"line":1,"column":49}},"1":{"start":{"line":4,"column":2},"end":{"line":34,"column":3}},"2":{"start":{"line":5,"column":23},"end":{"line":5,"column":77}},"3":{"start":{"line":6,"column":4},"end":{"line":10,"column":5}},"4":{"start":{"line":7,"column":18},"end":{"line":7,"column":49}},"5":{"start":{"line":8,"column":6},"end":{"line":8,"column":32}},"6":{"start":{"line":9,"column":6},"end":{"line":9,"column":16}},"7":{"start":{"line":12,"column":18},"end":{"line":12,"column":39}},"8":{"start":{"line":13,"column":4},"end":{"line":17,"column":5}},"9":{"start":{"line":14,"column":18},"end":{"line":14,"column":49}},"10":{"start":{"line":15,"column":6},"end":{"line":15,"column":32}},"11":{"start":{"line":16,"column":6},"end":{"line":16,"column":16}},"12":{"start":{"line":19,"column":18},"end":{"line":19,"column":26}},"13":{"start":{"line":22,"column":4},"end":{"line":28,"column":5}},"14":{"start":{"line":23,"column":6},"end":{"line":23,"column":35}},"15":{"start":{"line":25,"column":18},"end":{"line":25,"column":49}},"16":{"start":{"line":26,"column":6},"end":{"line":26,"column":32}},"17":{"start":{"line":27,"column":6},"end":{"line":27,"column":16}},"18":{"start":{"line":30,"column":4},"end":{"line":30,"column":23}},"19":{"start":{"line":31,"column":4},"end":{"line":31,"column":11}},"20":{"start":{"line":33,"column":4},"end":{"line":33,"column":14}},"21":{"start":{"line":37,"column":0},"end":{"line":37,"column":32}}},"fnMap":{"0":{"name":"authentication","decl":{"start":{"line":3,"column":15},"end":{"line":3,"column":29}},"loc":{"start":{"line":3,"column":46},"end":{"line":35,"column":1}},"line":3}},"branchMap":{"0":{"loc":{"start":{"line":5,"column":23},"end":{"line":5,"column":77}},"type":"binary-expr","locations":[{"start":{"line":5,"column":23},"end":{"line":5,"column":48}},{"start":{"line":5,"column":52},"end":{"line":5,"column":77}}],"line":5},"1":{"loc":{"start":{"line":6,"column":4},"end":{"line":10,"column":5}},"type":"if","locations":[{"start":{"line":6,"column":4},"end":{"line":10,"column":5}},{"start":{},"end":{}}],"line":6},"2":{"loc":{"start":{"line":13,"column":4},"end":{"line":17,"column":5}},"type":"if","locations":[{"start":{"line":13,"column":4},"end":{"line":17,"column":5}},{"start":{},"end":{}}],"line":13},"3":{"loc":{"start":{"line":13,"column":8},"end":{"line":13,"column":51}},"type":"binary-expr","locations":[{"start":{"line":13,"column":8},"end":{"line":13,"column":26}},{"start":{"line":13,"column":30},"end":{"line":13,"column":51}}],"line":13}},"s":{"0":14,"1":23,"2":23,"3":23,"4":3,"5":3,"6":3,"7":20,"8":20,"9":1,"10":1,"11":1,"12":19,"13":19,"14":19,"15":0,"16":0,"17":0,"18":19,"19":19,"20":4,"21":14},"f":{"0":23},"b":{"0":[23,3],"1":[3,20],"2":[1,19],"3":[20,20]},"_coverageSchema":"1a1c01bbd47fc00a2c39e90264f33305004495a9","hash":"d3495ce5d462dec048e24f1cd0447ecdf8a2acb6"}
,"C:\\Users\\ikaros\\OneDrive\\Documenti\\Bootcamp\\phase2\\weak3\\IP-RMT65-Ikaros01\\server\\middlewares\\errorHandler.js": {"path":"C:\\Users\\ikaros\\OneDrive\\Documenti\\Bootcamp\\phase2\\weak3\\IP-RMT65-Ikaros01\\server\\middlewares\\errorHandler.js","statementMap":{"0":{"start":{"line":2,"column":15},"end":{"line":2,"column":18}},"1":{"start":{"line":3,"column":16},"end":{"line":3,"column":39}},"2":{"start":{"line":5,"column":2},"end":{"line":28,"column":3}},"3":{"start":{"line":7,"column":6},"end":{"line":7,"column":19}},"4":{"start":{"line":8,"column":6},"end":{"line":8,"column":121}},"5":{"start":{"line":9,"column":6},"end":{"line":9,"column":12}},"6":{"start":{"line":11,"column":6},"end":{"line":11,"column":19}},"7":{"start":{"line":12,"column":6},"end":{"line":12,"column":113}},"8":{"start":{"line":12,"column":70},"end":{"line":12,"column":79}},"9":{"start":{"line":13,"column":6},"end":{"line":13,"column":12}},"10":{"start":{"line":15,"column":6},"end":{"line":15,"column":19}},"11":{"start":{"line":16,"column":6},"end":{"line":16,"column":41}},"12":{"start":{"line":17,"column":6},"end":{"line":17,"column":12}},"13":{"start":{"line":19,"column":6},"end":{"line":19,"column":19}},"14":{"start":{"line":20,"column":6},"end":{"line":20,"column":37}},"15":{"start":{"line":21,"column":6},"end":{"line":21,"column":12}},"16":{"start":{"line":23,"column":6},"end":{"line":23,"column":19}},"17":{"start":{"line":24,"column":6},"end":{"line":24,"column":41}},"18":{"start":{"line":25,"column":6},"end":{"line":25,"column":12}},"19":{"start":{"line":27,"column":6},"end":{"line":27,"column":12}},"20":{"start":{"line":30,"column":2},"end":{"line":30,"column":39}},"21":{"start":{"line":33,"column":0},"end":{"line":33,"column":30}}},"fnMap":{"0":{"name":"errorHandler","decl":{"start":{"line":1,"column":9},"end":{"line":1,"column":21}},"loc":{"start":{"line":1,"column":43},"end":{"line":31,"column":1}},"line":1},"1":{"name":"(anonymous_1)","decl":{"start":{"line":12,"column":65},"end":{"line":12,"column":66}},"loc":{"start":{"line":12,"column":70},"end":{"line":12,"column":79}},"line":12}},"branchMap":{"0":{"loc":{"start":{"line":5,"column":2},"end":{"line":28,"column":3}},"type":"switch","locations":[{"start":{"line":6,"column":4},"end":{"line":9,"column":12}},{"start":{"line":10,"column":4},"end":{"line":13,"column":12}},{"start":{"line":14,"column":4},"end":{"line":17,"column":12}},{"start":{"line":18,"column":4},"end":{"line":21,"column":12}},{"start":{"line":22,"column":4},"end":{"line":25,"column":12}},{"start":{"line":26,"column":4},"end":{"line":27,"column":12}}],"line":5},"1":{"loc":{"start":{"line":8,"column":16},"end":{"line":8,"column":120}},"type":"cond-expr","locations":[{"start":{"line":8,"column":71},"end":{"line":8,"column":92}},{"start":{"line":8,"column":95},"end":{"line":8,"column":120}}],"line":8},"2":{"loc":{"start":{"line":8,"column":16},"end":{"line":8,"column":68}},"type":"binary-expr","locations":[{"start":{"line":8,"column":16},"end":{"line":8,"column":26}},{"start":{"line":8,"column":30},"end":{"line":8,"column":43}},{"start":{"line":8,"column":47},"end":{"line":8,"column":68}}],"line":8},"3":{"loc":{"start":{"line":12,"column":16},"end":{"line":12,"column":112}},"type":"cond-expr","locations":[{"start":{"line":12,"column":50},"end":{"line":12,"column":91}},{"start":{"line":12,"column":94},"end":{"line":12,"column":112}}],"line":12},"4":{"loc":{"start":{"line":12,"column":16},"end":{"line":12,"column":47}},"type":"binary-expr","locations":[{"start":{"line":12,"column":16},"end":{"line":12,"column":26}},{"start":{"line":12,"column":30},"end":{"line":12,"column":47}}],"line":12}},"s":{"0":11,"1":11,"2":11,"3":2,"4":2,"5":2,"6":1,"7":1,"8":0,"9":1,"10":2,"11":2,"12":2,"13":4,"14":4,"15":4,"16":1,"17":1,"18":1,"19":1,"20":11,"21":16},"f":{"0":11,"1":0},"b":{"0":[2,1,2,4,1,1],"1":[1,1],"2":[2,1,1],"3":[0,1],"4":[1,0]},"_coverageSchema":"1a1c01bbd47fc00a2c39e90264f33305004495a9","hash":"6d7e4e866e47b5d2643ef269aca80f6cbc75bdb6"}
,"C:\\Users\\ikaros\\OneDrive\\Documenti\\Bootcamp\\phase2\\weak3\\IP-RMT65-Ikaros01\\server\\models\\anime.js": {"path":"C:\\Users\\ikaros\\OneDrive\\Documenti\\Bootcamp\\phase2\\weak3\\IP-RMT65-Ikaros01\\server\\models\\anime.js","statementMap":{"0":{"start":{"line":4,"column":4},"end":{"line":4,"column":24}},"1":{"start":{"line":5,"column":0},"end":{"line":36,"column":2}},"2":{"start":{"line":14,"column":6},"end":{"line":14,"column":63}},"3":{"start":{"line":17,"column":2},"end":{"line":34,"column":5}},"4":{"start":{"line":35,"column":2},"end":{"line":35,"column":15}}},"fnMap":{"0":{"name":"(anonymous_0)","decl":{"start":{"line":5,"column":17},"end":{"line":5,"column":18}},"loc":{"start":{"line":5,"column":43},"end":{"line":36,"column":1}},"line":5},"1":{"name":"(anonymous_1)","decl":{"start":{"line":12,"column":4},"end":{"line":12,"column":5}},"loc":{"start":{"line":12,"column":29},"end":{"line":15,"column":5}},"line":12}},"branchMap":{},"s":{"0":16,"1":16,"2":16,"3":16,"4":16},"f":{"0":16,"1":16},"b":{},"_coverageSchema":"1a1c01bbd47fc00a2c39e90264f33305004495a9","hash":"cb5f4a4d12bd32719b5702a533345e4f098a111e"}
,"C:\\Users\\ikaros\\OneDrive\\Documenti\\Bootcamp\\phase2\\weak3\\IP-RMT65-Ikaros01\\server\\models\\index.js": {"path":"C:\\Users\\ikaros\\OneDrive\\Documenti\\Bootcamp\\phase2\\weak3\\IP-RMT65-Ikaros01\\server\\models\\index.js","statementMap":{"0":{"start":{"line":3,"column":11},"end":{"line":3,"column":24}},"1":{"start":{"line":4,"column":13},"end":{"line":4,"column":28}},"2":{"start":{"line":5,"column":18},"end":{"line":5,"column":38}},"3":{"start":{"line":6,"column":16},"end":{"line":6,"column":34}},"4":{"start":{"line":7,"column":17},"end":{"line":7,"column":42}},"5":{"start":{"line":8,"column":12},"end":{"line":8,"column":49}},"6":{"start":{"line":9,"column":15},"end":{"line":9,"column":65}},"7":{"start":{"line":10,"column":11},"end":{"line":10,"column":13}},"8":{"start":{"line":13,"column":0},"end":{"line":17,"column":1}},"9":{"start":{"line":14,"column":2},"end":{"line":14,"column":74}},"10":{"start":{"line":16,"column":2},"end":{"line":16,"column":87}},"11":{"start":{"line":19,"column":0},"end":{"line":32,"column":5}},"12":{"start":{"line":22,"column":4},"end":{"line":27,"column":6}},"13":{"start":{"line":30,"column":18},"end":{"line":30,"column":85}},"14":{"start":{"line":31,"column":4},"end":{"line":31,"column":27}},"15":{"start":{"line":34,"column":0},"end":{"line":38,"column":3}},"16":{"start":{"line":35,"column":2},"end":{"line":37,"column":3}},"17":{"start":{"line":36,"column":4},"end":{"line":36,"column":32}},"18":{"start":{"line":40,"column":0},"end":{"line":40,"column":25}},"19":{"start":{"line":41,"column":0},"end":{"line":41,"column":25}},"20":{"start":{"line":43,"column":0},"end":{"line":43,"column":20}}},"fnMap":{"0":{"name":"(anonymous_0)","decl":{"start":{"line":21,"column":10},"end":{"line":21,"column":11}},"loc":{"start":{"line":21,"column":18},"end":{"line":28,"column":3}},"line":21},"1":{"name":"(anonymous_1)","decl":{"start":{"line":29,"column":11},"end":{"line":29,"column":12}},"loc":{"start":{"line":29,"column":19},"end":{"line":32,"column":3}},"line":29},"2":{"name":"(anonymous_2)","decl":{"start":{"line":34,"column":24},"end":{"line":34,"column":25}},"loc":{"start":{"line":34,"column":37},"end":{"line":38,"column":1}},"line":34}},"branchMap":{"0":{"loc":{"start":{"line":8,"column":12},"end":{"line":8,"column":49}},"type":"binary-expr","locations":[{"start":{"line":8,"column":12},"end":{"line":8,"column":32}},{"start":{"line":8,"column":36},"end":{"line":8,"column":49}}],"line":8},"1":{"loc":{"start":{"line":13,"column":0},"end":{"line":17,"column":1}},"type":"if","locations":[{"start":{"line":13,"column":0},"end":{"line":17,"column":1}},{"start":{"line":15,"column":7},"end":{"line":17,"column":1}}],"line":13},"2":{"loc":{"start":{"line":23,"column":6},"end":{"line":26,"column":37}},"type":"binary-expr","locations":[{"start":{"line":23,"column":6},"end":{"line":23,"column":29}},{"start":{"line":24,"column":6},"end":{"line":24,"column":23}},{"start":{"line":25,"column":6},"end":{"line":25,"column":30}},{"start":{"line":26,"column":6},"end":{"line":26,"column":37}}],"line":23},"3":{"loc":{"start":{"line":35,"column":2},"end":{"line":37,"column":3}},"type":"if","locations":[{"start":{"line":35,"column":2},"end":{"line":37,"column":3}},{"start":{},"end":{}}],"line":35}},"s":{"0":16,"1":16,"2":16,"3":16,"4":16,"5":16,"6":16,"7":16,"8":16,"9":0,"10":16,"11":16,"12":64,"13":48,"14":48,"15":16,"16":48,"17":48,"18":16,"19":16,"20":16},"f":{"0":64,"1":48,"2":48},"b":{"0":[16,0],"1":[0,16],"2":[64,64,48,48],"3":[48,0]},"_coverageSchema":"1a1c01bbd47fc00a2c39e90264f33305004495a9","hash":"61165c56238ccc2aec072f72c890c727f2736968"}
,"C:\\Users\\ikaros\\OneDrive\\Documenti\\Bootcamp\\phase2\\weak3\\IP-RMT65-Ikaros01\\server\\models\\mylist.js": {"path":"C:\\Users\\ikaros\\OneDrive\\Documenti\\Bootcamp\\phase2\\weak3\\IP-RMT65-Ikaros01\\server\\models\\mylist.js","statementMap":{"0":{"start":{"line":4,"column":4},"end":{"line":4,"column":24}},"1":{"start":{"line":5,"column":0},"end":{"line":42,"column":2}},"2":{"start":{"line":15,"column":6},"end":{"line":15,"column":63}},"3":{"start":{"line":17,"column":6},"end":{"line":17,"column":65}},"4":{"start":{"line":20,"column":2},"end":{"line":40,"column":5}},"5":{"start":{"line":41,"column":2},"end":{"line":41,"column":16}}},"fnMap":{"0":{"name":"(anonymous_0)","decl":{"start":{"line":5,"column":17},"end":{"line":5,"column":18}},"loc":{"start":{"line":5,"column":43},"end":{"line":42,"column":1}},"line":5},"1":{"name":"(anonymous_1)","decl":{"start":{"line":12,"column":4},"end":{"line":12,"column":5}},"loc":{"start":{"line":12,"column":29},"end":{"line":18,"column":5}},"line":12}},"branchMap":{},"s":{"0":16,"1":16,"2":16,"3":16,"4":16,"5":16},"f":{"0":16,"1":16},"b":{},"_coverageSchema":"1a1c01bbd47fc00a2c39e90264f33305004495a9","hash":"8d1d1bd3cd85dd4717056e72ac0fea657ca99833"}
,"C:\\Users\\ikaros\\OneDrive\\Documenti\\Bootcamp\\phase2\\weak3\\IP-RMT65-Ikaros01\\server\\models\\user.js": {"path":"C:\\Users\\ikaros\\OneDrive\\Documenti\\Bootcamp\\phase2\\weak3\\IP-RMT65-Ikaros01\\server\\models\\user.js","statementMap":{"0":{"start":{"line":2,"column":18},"end":{"line":2,"column":38}},"1":{"start":{"line":3,"column":15},"end":{"line":3,"column":34}},"2":{"start":{"line":4,"column":0},"end":{"line":64,"column":2}},"3":{"start":{"line":12,"column":6},"end":{"line":12,"column":44}},"4":{"start":{"line":17,"column":6},"end":{"line":17,"column":61}},"5":{"start":{"line":20,"column":2},"end":{"line":62,"column":4}},"6":{"start":{"line":51,"column":23},"end":{"line":51,"column":47}},"7":{"start":{"line":52,"column":10},"end":{"line":52,"column":65}},"8":{"start":{"line":55,"column":10},"end":{"line":58,"column":11}},"9":{"start":{"line":56,"column":25},"end":{"line":56,"column":49}},"10":{"start":{"line":57,"column":12},"end":{"line":57,"column":67}},"11":{"start":{"line":63,"column":2},"end":{"line":63,"column":14}}},"fnMap":{"0":{"name":"(anonymous_0)","decl":{"start":{"line":4,"column":17},"end":{"line":4,"column":18}},"loc":{"start":{"line":4,"column":43},"end":{"line":64,"column":1}},"line":4},"1":{"name":"(anonymous_1)","decl":{"start":{"line":11,"column":4},"end":{"line":11,"column":5}},"loc":{"start":{"line":11,"column":49},"end":{"line":13,"column":5}},"line":11},"2":{"name":"(anonymous_2)","decl":{"start":{"line":15,"column":4},"end":{"line":15,"column":5}},"loc":{"start":{"line":15,"column":29},"end":{"line":18,"column":5}},"line":15},"3":{"name":"(anonymous_3)","decl":{"start":{"line":50,"column":22},"end":{"line":50,"column":23}},"loc":{"start":{"line":50,"column":47},"end":{"line":53,"column":9}},"line":50},"4":{"name":"(anonymous_4)","decl":{"start":{"line":54,"column":22},"end":{"line":54,"column":23}},"loc":{"start":{"line":54,"column":47},"end":{"line":59,"column":9}},"line":54}},"branchMap":{"0":{"loc":{"start":{"line":55,"column":10},"end":{"line":58,"column":11}},"type":"if","locations":[{"start":{"line":55,"column":10},"end":{"line":58,"column":11}},{"start":{},"end":{}}],"line":55}},"s":{"0":16,"1":16,"2":16,"3":12,"4":16,"5":16,"6":13,"7":13,"8":1,"9":1,"10":1,"11":16},"f":{"0":16,"1":12,"2":16,"3":13,"4":1},"b":{"0":[1,0]},"_coverageSchema":"1a1c01bbd47fc00a2c39e90264f33305004495a9","hash":"4e43abf15a242e67d8a3437bd98ca3ee04926bcb"}
,"C:\\Users\\ikaros\\OneDrive\\Documenti\\Bootcamp\\phase2\\weak3\\IP-RMT65-Ikaros01\\server\\routers\\index.js": {"path":"C:\\Users\\ikaros\\OneDrive\\Documenti\\Bootcamp\\phase2\\weak3\\IP-RMT65-Ikaros01\\server\\routers\\index.js","statementMap":{"0":{"start":{"line":1,"column":16},"end":{"line":1,"column":34}},"1":{"start":{"line":2,"column":15},"end":{"line":2,"column":31}},"2":{"start":{"line":3,"column":33},"end":{"line":3,"column":83}},"3":{"start":{"line":4,"column":13},"end":{"line":4,"column":53}},"4":{"start":{"line":6,"column":0},"end":{"line":6,"column":82}},"5":{"start":{"line":8,"column":0},"end":{"line":8,"column":24}}},"fnMap":{},"branchMap":{},"s":{"0":15,"1":15,"2":15,"3":15,"4":15,"5":15},"f":{},"b":{},"_coverageSchema":"1a1c01bbd47fc00a2c39e90264f33305004495a9","hash":"e4ac7ece7d1bf5fb6729cf1b22c7788bdd481269"}
}
