TN:
SF:app.js
FN:16,(anonymous_0)
FN:38,(anonymous_1)
FNF:2
FNH:1
FNDA:0,(anonymous_0)
FNDA:2,(anonymous_1)
DA:1,15
DA:2,15
DA:3,15
DA:4,15
DA:5,15
DA:6,15
DA:7,15
DA:8,15
DA:9,15
DA:10,15
DA:13,15
DA:14,15
DA:16,15
DA:17,0
DA:20,15
DA:23,15
DA:24,15
DA:26,15
DA:27,15
DA:28,15
DA:31,15
DA:32,15
DA:33,15
DA:34,15
DA:35,15
DA:38,15
DA:39,2
DA:40,2
DA:41,1
DA:43,1
DA:48,15
DA:53,15
LF:32
LH:31
BRDA:43,0,0,1
BRDA:43,0,1,0
BRF:2
BRH:1
end_of_record
TN:
SF:controllers\index.js
FN:5,(anonymous_0)
FN:46,(anonymous_1)
FN:62,(anonymous_2)
FN:80,(anonymous_3)
FN:99,(anonymous_4)
FN:130,(anonymous_5)
FN:158,(anonymous_6)
FNF:7
FNH:7
FNDA:2,(anonymous_0)
FNDA:3,(anonymous_1)
FNDA:2,(anonymous_2)
FNDA:2,(anonymous_3)
FNDA:2,(anonymous_4)
FNDA:1,(anonymous_5)
FNDA:1,(anonymous_6)
DA:1,15
DA:2,15
DA:6,2
DA:7,2
DA:9,2
DA:10,2
DA:11,1
DA:13,2
DA:15,0
DA:18,2
DA:19,2
DA:20,1
DA:23,2
DA:25,2
DA:32,2
DA:34,2
DA:42,0
DA:47,3
DA:48,3
DA:50,3
DA:52,3
DA:53,2
DA:56,1
DA:58,0
DA:63,2
DA:64,2
DA:65,2
DA:67,2
DA:74,2
DA:76,0
DA:81,2
DA:82,2
DA:83,2
DA:93,2
DA:95,0
DA:100,2
DA:101,2
DA:102,2
DA:104,2
DA:122,2
DA:124,1
DA:126,0
DA:131,1
DA:132,1
DA:133,1
DA:134,1
DA:136,1
DA:140,1
DA:142,1
DA:145,1
DA:146,1
DA:147,1
DA:148,0
DA:150,1
DA:152,1
DA:154,0
DA:159,1
DA:160,1
DA:161,1
DA:163,1
DA:164,1
DA:166,1
DA:168,1
DA:170,0
DA:175,15
LF:65
LH:56
BRDA:7,0,0,1
BRDA:7,1,0,1
BRDA:10,2,0,1
BRDA:10,2,1,1
BRDA:11,3,0,1
BRDA:11,3,1,0
BRDA:13,4,0,0
BRDA:13,4,1,2
BRDA:19,5,0,1
BRDA:19,5,1,1
BRDA:32,6,0,2
BRDA:32,6,1,0
BRDA:52,7,0,2
BRDA:52,7,1,1
BRDA:122,8,0,1
BRDA:122,8,1,1
BRDA:140,9,0,0
BRDA:140,9,1,1
BRDA:145,10,0,1
BRDA:145,10,1,0
BRDA:145,11,0,1
BRDA:145,11,1,1
BRDA:146,12,0,0
BRDA:146,12,1,1
BRDA:147,13,0,1
BRDA:147,13,1,0
BRDA:147,14,0,1
BRDA:147,14,1,1
BRDA:148,15,0,0
BRDA:148,15,1,0
BRDA:164,16,0,0
BRDA:164,16,1,1
BRF:32
BRH:22
end_of_record
TN:
SF:controllers\recommendationController.js
FN:5,(anonymous_0)
FN:21,(anonymous_1)
FN:22,(anonymous_2)
FN:30,(anonymous_3)
FN:39,(anonymous_4)
FN:42,(anonymous_5)
FN:44,(anonymous_6)
FN:44,(anonymous_7)
FN:50,(anonymous_8)
FN:57,(anonymous_9)
FN:61,(anonymous_10)
FN:63,(anonymous_11)
FN:120,(anonymous_12)
FN:129,(anonymous_13)
FN:131,(anonymous_14)
FNF:15
FNH:15
FNDA:11,(anonymous_0)
FNDA:1,(anonymous_1)
FNDA:1,(anonymous_2)
FNDA:2200,(anonymous_3)
FNDA:3,(anonymous_4)
FNDA:1,(anonymous_5)
FNDA:3,(anonymous_6)
FNDA:3,(anonymous_7)
FNDA:2,(anonymous_8)
FNDA:200,(anonymous_9)
FNDA:1837,(anonymous_10)
FNDA:15,(anonymous_11)
FNDA:1,(anonymous_12)
FNDA:7,(anonymous_13)
FNDA:1201,(anonymous_14)
DA:1,15
DA:2,15
DA:6,11
DA:7,11
DA:10,11
DA:16,11
DA:21,11
DA:22,11
DA:25,11
DA:30,2200
DA:39,11
DA:41,3
DA:42,3
DA:43,1
DA:44,3
DA:45,3
DA:50,3
DA:51,3
DA:54,3
DA:55,3
DA:56,1
DA:57,200
DA:61,1837
DA:63,15
DA:69,3
DA:74,11
DA:75,2
DA:76,2
DA:77,2
DA:80,9
DA:81,9
DA:82,9
DA:83,9
DA:86,0
DA:87,0
DA:90,9
DA:92,9
DA:93,1
DA:95,1
DA:99,8
DA:102,8
DA:103,5
DA:104,3
DA:105,2
DA:106,1
DA:107,1
DA:109,0
DA:113,8
DA:114,8
DA:115,5
DA:116,3
DA:117,1
DA:118,2
DA:119,1
DA:120,1
DA:122,1
DA:125,8
DA:128,8
DA:129,7
DA:130,7
DA:131,1201
DA:132,7
DA:138,7
DA:141,1
DA:142,1
DA:143,1
DA:146,1
DA:147,1
DA:152,15
LF:69
LH:66
BRDA:43,0,0,1
BRDA:43,0,1,0
BRDA:43,1,0,1
BRDA:43,1,1,1
BRDA:45,2,0,3
BRDA:45,2,1,3
BRDA:51,3,0,3
BRDA:51,3,1,2
BRDA:55,4,0,1
BRDA:55,4,1,2
BRDA:57,5,0,200
BRDA:57,5,1,1
BRDA:61,6,0,1837
BRDA:61,6,1,0
BRDA:61,7,0,1837
BRDA:61,7,1,0
BRDA:65,8,0,5
BRDA:65,8,1,10
BRDA:66,9,0,15
BRDA:66,9,1,0
BRDA:74,10,0,2
BRDA:74,10,1,9
BRDA:82,11,0,9
BRDA:82,11,1,0
BRDA:86,12,0,0
BRDA:86,12,1,0
BRDA:86,13,0,0
BRDA:86,13,1,0
BRDA:90,14,0,9
BRDA:90,14,1,9
BRDA:90,14,2,9
BRDA:90,14,3,1
BRDA:90,14,4,1
BRDA:90,14,5,0
BRDA:92,15,0,1
BRDA:92,15,1,8
BRDA:102,16,0,5
BRDA:102,16,1,3
BRDA:104,17,0,2
BRDA:104,17,1,1
BRDA:106,18,0,1
BRDA:106,18,1,0
BRDA:114,19,0,5
BRDA:114,19,1,3
BRDA:114,20,0,8
BRDA:114,20,1,8
BRDA:114,20,2,5
BRDA:116,21,0,1
BRDA:116,21,1,2
BRDA:116,22,0,3
BRDA:116,22,1,3
BRDA:118,23,0,1
BRDA:118,23,1,1
BRDA:118,24,0,2
BRDA:118,24,1,2
BRDA:118,24,2,1
BRDA:118,24,3,1
BRDA:118,24,4,1
BRDA:120,25,0,1
BRDA:120,25,1,0
BRDA:122,26,0,1
BRDA:122,26,1,0
BRDA:130,27,0,7
BRDA:130,27,1,0
BRDA:131,28,0,1201
BRDA:131,28,1,1201
BRDA:131,28,2,1201
BRDA:131,28,3,1200
BRDA:135,29,0,1
BRDA:135,29,1,6
BRF:70
BRH:56
end_of_record
TN:
SF:controllers\userController.js
FN:6,(anonymous_0)
FN:16,(anonymous_1)
FNF:2
FNH:2
FNDA:12,(anonymous_0)
FNDA:12,(anonymous_1)
DA:1,15
DA:3,15
DA:7,12
DA:8,12
DA:9,12
DA:10,11
DA:12,1
DA:17,12
DA:18,12
DA:19,12
DA:20,12
DA:21,0
DA:22,0
DA:23,0
DA:27,12
DA:28,12
DA:29,1
DA:30,1
DA:31,1
DA:35,11
DA:36,11
DA:38,11
DA:40,1
DA:45,15
LF:24
LH:21
BRDA:20,0,0,0
BRDA:20,0,1,12
BRDA:28,1,0,1
BRDA:28,1,1,11
BRF:4
BRH:3
end_of_record
TN:
SF:helpers\formatter.js
FN:2,(anonymous_0)
FN:7,(anonymous_1)
FNF:2
FNH:2
FNDA:1,(anonymous_0)
FNDA:3,(anonymous_1)
DA:1,2
DA:2,2
DA:3,1
DA:4,1
DA:7,2
DA:8,3
DA:11,2
LF:7
LH:7
BRF:0
BRH:0
end_of_record
TN:
SF:helpers\gemini.js
FN:15,pickModel
FN:23,(anonymous_1)
FN:25,(anonymous_2)
FN:27,(anonymous_3)
FN:31,(anonymous_4)
FN:60,(anonymous_5)
FN:67,(anonymous_6)
FN:74,(anonymous_7)
FN:84,(anonymous_8)
FNF:9
FNH:8
FNDA:13,pickModel
FNDA:5,(anonymous_1)
FNDA:1,(anonymous_2)
FNDA:0,(anonymous_3)
FNDA:8,(anonymous_4)
FNDA:8,(anonymous_5)
FNDA:3,(anonymous_6)
FNDA:2,(anonymous_7)
FNDA:9,(anonymous_8)
DA:1,22
DA:3,22
DA:6,22
DA:13,22
DA:16,13
DA:18,11
DA:19,11
DA:20,6
DA:21,6
DA:22,6
DA:23,5
DA:24,1
DA:25,1
DA:26,0
DA:27,0
DA:30,6
DA:31,8
DA:32,8
DA:33,6
DA:34,6
DA:35,6
DA:40,0
DA:44,5
DA:45,13
DA:46,13
DA:47,4
DA:48,4
DA:49,4
DA:51,9
DA:54,5
DA:55,4
DA:59,22
DA:61,8
DA:62,7
DA:63,3
DA:64,3
DA:65,2
DA:68,3
DA:69,3
DA:70,1
DA:71,1
DA:72,0
DA:75,2
DA:76,2
DA:77,0
DA:78,0
DA:79,0
DA:84,22
DA:85,9
DA:86,9
DA:87,6
DA:89,5
DA:90,3
DA:91,1
DA:92,0
DA:94,3
DA:96,1
DA:100,22
LF:58
LH:50
BRDA:16,0,0,2
BRDA:16,0,1,11
BRDA:19,1,0,6
BRDA:19,1,1,5
BRDA:22,2,0,5
BRDA:22,2,1,1
BRDA:23,3,0,5
BRDA:23,3,1,1
BRDA:23,3,2,1
BRDA:23,3,3,0
BRDA:24,4,0,1
BRDA:24,4,1,0
BRDA:24,5,0,1
BRDA:24,5,1,1
BRDA:25,6,0,1
BRDA:25,6,1,0
BRDA:25,6,2,0
BRDA:25,6,3,0
BRDA:26,7,0,0
BRDA:26,7,1,0
BRDA:26,8,0,0
BRDA:26,8,1,0
BRDA:27,9,0,0
BRDA:27,9,1,0
BRDA:27,9,2,0
BRDA:27,9,3,0
BRDA:31,10,0,8
BRDA:31,10,1,8
BRDA:31,10,2,2
BRDA:32,11,0,6
BRDA:32,11,1,2
BRDA:40,12,0,0
BRDA:40,12,1,0
BRDA:40,13,0,0
BRDA:40,13,1,0
BRDA:51,14,0,9
BRDA:51,14,1,0
BRDA:54,15,0,1
BRDA:54,15,1,4
BRDA:62,16,0,4
BRDA:62,16,1,3
BRDA:63,17,0,0
BRDA:63,17,1,3
BRDA:64,18,0,1
BRDA:64,18,1,2
BRDA:69,19,0,2
BRDA:69,19,1,1
BRDA:70,20,0,0
BRDA:70,20,1,1
BRDA:71,21,0,1
BRDA:71,21,1,0
BRDA:76,22,0,2
BRDA:76,22,1,0
BRDA:77,23,0,0
BRDA:77,23,1,0
BRDA:78,24,0,0
BRDA:78,24,1,0
BRDA:86,25,0,6
BRDA:86,25,1,3
BRDA:89,26,0,2
BRDA:89,26,1,3
BRDA:90,27,0,2
BRDA:90,27,1,1
BRDA:90,28,0,3
BRDA:90,28,1,3
BRDA:91,29,0,1
BRDA:91,29,1,0
BRDA:91,30,0,1
BRDA:91,30,1,1
BRDA:96,31,0,1
BRDA:96,31,1,0
BRF:71
BRH:43
end_of_record
TN:
SF:helpers\jwt.js
FN:6,(anonymous_0)
FN:10,(anonymous_1)
FNF:2
FNH:2
FNDA:11,(anonymous_0)
FNDA:19,(anonymous_1)
DA:1,16
DA:4,16
DA:6,16
DA:7,11
DA:10,16
DA:11,19
DA:14,16
LF:7
LH:7
BRDA:4,0,0,16
BRDA:4,0,1,1
BRF:2
BRH:2
end_of_record
TN:
SF:middlewares\authentication.js
FN:3,authentication
FNF:1
FNH:1
FNDA:23,authentication
DA:1,14
DA:4,23
DA:5,23
DA:6,23
DA:7,3
DA:8,3
DA:9,3
DA:12,20
DA:13,20
DA:14,1
DA:15,1
DA:16,1
DA:19,19
DA:22,19
DA:23,19
DA:25,0
DA:26,0
DA:27,0
DA:30,19
DA:31,19
DA:33,4
DA:37,14
LF:22
LH:19
BRDA:5,0,0,23
BRDA:5,0,1,3
BRDA:6,1,0,3
BRDA:6,1,1,20
BRDA:13,2,0,1
BRDA:13,2,1,19
BRDA:13,3,0,20
BRDA:13,3,1,20
BRF:8
BRH:8
end_of_record
TN:
SF:middlewares\errorHandler.js
FN:1,errorHandler
FN:12,(anonymous_1)
FNF:2
FNH:1
FNDA:11,errorHandler
FNDA:0,(anonymous_1)
DA:2,11
DA:3,11
DA:5,11
DA:7,2
DA:8,2
DA:9,2
DA:11,1
DA:12,1
DA:13,1
DA:15,2
DA:16,2
DA:17,2
DA:19,4
DA:20,4
DA:21,4
DA:23,1
DA:24,1
DA:25,1
DA:27,1
DA:30,11
DA:33,16
LF:21
LH:21
BRDA:5,0,0,2
BRDA:5,0,1,1
BRDA:5,0,2,2
BRDA:5,0,3,4
BRDA:5,0,4,1
BRDA:5,0,5,1
BRDA:8,1,0,1
BRDA:8,1,1,1
BRDA:8,2,0,2
BRDA:8,2,1,1
BRDA:8,2,2,1
BRDA:12,3,0,0
BRDA:12,3,1,1
BRDA:12,4,0,1
BRDA:12,4,1,0
BRF:15
BRH:13
end_of_record
TN:
SF:models\anime.js
FN:5,(anonymous_0)
FN:12,(anonymous_1)
FNF:2
FNH:2
FNDA:16,(anonymous_0)
FNDA:16,(anonymous_1)
DA:4,16
DA:5,16
DA:14,16
DA:17,16
DA:35,16
LF:5
LH:5
BRF:0
BRH:0
end_of_record
TN:
SF:models\index.js
FN:21,(anonymous_0)
FN:29,(anonymous_1)
FN:34,(anonymous_2)
FNF:3
FNH:3
FNDA:64,(anonymous_0)
FNDA:48,(anonymous_1)
FNDA:48,(anonymous_2)
DA:3,16
DA:4,16
DA:5,16
DA:6,16
DA:7,16
DA:8,16
DA:9,16
DA:10,16
DA:13,16
DA:14,0
DA:16,16
DA:19,16
DA:22,64
DA:30,48
DA:31,48
DA:34,16
DA:35,48
DA:36,48
DA:40,16
DA:41,16
DA:43,16
LF:21
LH:20
BRDA:8,0,0,16
BRDA:8,0,1,0
BRDA:13,1,0,0
BRDA:13,1,1,16
BRDA:23,2,0,64
BRDA:23,2,1,64
BRDA:23,2,2,48
BRDA:23,2,3,48
BRDA:35,3,0,48
BRDA:35,3,1,0
BRF:10
BRH:7
end_of_record
TN:
SF:models\mylist.js
FN:5,(anonymous_0)
FN:12,(anonymous_1)
FNF:2
FNH:2
FNDA:16,(anonymous_0)
FNDA:16,(anonymous_1)
DA:4,16
DA:5,16
DA:15,16
DA:17,16
DA:20,16
DA:41,16
LF:6
LH:6
BRF:0
BRH:0
end_of_record
TN:
SF:models\user.js
FN:4,(anonymous_0)
FN:11,(anonymous_1)
FN:15,(anonymous_2)
FN:50,(anonymous_3)
FN:54,(anonymous_4)
FNF:5
FNH:5
FNDA:16,(anonymous_0)
FNDA:12,(anonymous_1)
FNDA:16,(anonymous_2)
FNDA:13,(anonymous_3)
FNDA:1,(anonymous_4)
DA:2,16
DA:3,16
DA:4,16
DA:12,12
DA:17,16
DA:20,16
DA:51,13
DA:52,13
DA:55,1
DA:56,1
DA:57,1
DA:63,16
LF:12
LH:12
BRDA:55,0,0,1
BRDA:55,0,1,0
BRF:2
BRH:1
end_of_record
TN:
SF:routers\index.js
FNF:0
FNH:0
DA:1,15
DA:2,15
DA:3,15
DA:4,15
DA:6,15
DA:8,15
LF:6
LH:6
BRF:0
BRH:0
end_of_record
